-- GLOB mismatch!
CMake Warning (dev) at CMakeLists.txt:6:
  Syntax Warning in cmake code at column 46

  Argument not separated from preceding token by whitespace.
This warning is for project developers.  Use -Wno-dev to suppress it.

Cloning into 'src/Micro-XRCE-DDS-Client'...
Cloning into 'src/ament_cmake'...
Cloning into 'src/rmw_microxrcedds'...
Cloning into 'src/micro-CDR'...
Cloning into 'src/ament_lint'...
Cloning into 'src/rcl'...
Cloning into 'src/ament_package'...
Cloning into 'src/rclc'...
Cloning into 'src/googletest'...
Cloning into 'src/rcutils'...
Cloning into 'src/micro_ros_msgs'...
Cloning into 'src/ament_cmake_ros'...
Cloning into 'src/rosidl_typesupport'...
Cloning into 'src/ament_index'...
Cloning into 'src/rosidl_typesupport_microxrcedds'...
Cloning into 'src/rosidl'...
--- stderr: gtest_vendor
CMake Warning:
  Manually-specified variables were not used by the project:

    BUILD_TESTING
    CMAKE_CXX_COMPILER
    CMAKE_C_COMPILER


---
--- stderr: ament_package
/home/shashwat/.espressif/python_env/idf5.3_py3.10_env/lib/python3.10/site-packages/setuptools/_distutils/cmd.py:66: SetuptoolsDeprecationWarning: setup.py install is deprecated.
!!

        ********************************************************************************
        Please avoid running ``setup.py`` directly.
        Instead, use pypa/build, pypa/installer or other
        standards-based tools.

        See https://blog.ganssle.io/articles/2021/10/setup-py-deprecated.html for details.
        ********************************************************************************

!!
  self.initialize_options()
---
--- stderr: ament_cppcheck
/home/shashwat/.espressif/python_env/idf5.3_py3.10_env/lib/python3.10/site-packages/setuptools/_distutils/cmd.py:66: SetuptoolsDeprecationWarning: setup.py install is deprecated.
!!

        ********************************************************************************
        Please avoid running ``setup.py`` directly.
        Instead, use pypa/build, pypa/installer or other
        standards-based tools.

        See https://blog.ganssle.io/articles/2021/10/setup-py-deprecated.html for details.
        ********************************************************************************

!!
  self.initialize_options()
---
--- stderr: ament_lint
/home/shashwat/.espressif/python_env/idf5.3_py3.10_env/lib/python3.10/site-packages/setuptools/_distutils/cmd.py:66: SetuptoolsDeprecationWarning: setup.py install is deprecated.
!!

        ********************************************************************************
        Please avoid running ``setup.py`` directly.
        Instead, use pypa/build, pypa/installer or other
        standards-based tools.

        See https://blog.ganssle.io/articles/2021/10/setup-py-deprecated.html for details.
        ********************************************************************************

!!
  self.initialize_options()
---
--- stderr: ament_pycodestyle
/home/shashwat/.espressif/python_env/idf5.3_py3.10_env/lib/python3.10/site-packages/setuptools/_distutils/cmd.py:66: SetuptoolsDeprecationWarning: setup.py install is deprecated.
!!

        ********************************************************************************
        Please avoid running ``setup.py`` directly.
        Instead, use pypa/build, pypa/installer or other
        standards-based tools.

        See https://blog.ganssle.io/articles/2021/10/setup-py-deprecated.html for details.
        ********************************************************************************

!!
  self.initialize_options()
---
--- stderr: gmock_vendor
CMake Warning:
  Manually-specified variables were not used by the project:

    BUILD_TESTING
    CMAKE_CXX_COMPILER
    CMAKE_C_COMPILER


---
--- stderr: ament_flake8
/home/shashwat/.espressif/python_env/idf5.3_py3.10_env/lib/python3.10/site-packages/setuptools/_distutils/cmd.py:66: SetuptoolsDeprecationWarning: setup.py install is deprecated.
!!

        ********************************************************************************
        Please avoid running ``setup.py`` directly.
        Instead, use pypa/build, pypa/installer or other
        standards-based tools.

        See https://blog.ganssle.io/articles/2021/10/setup-py-deprecated.html for details.
        ********************************************************************************

!!
  self.initialize_options()
---
--- stderr: ament_cmake_core
CMake Warning:
  Manually-specified variables were not used by the project:

    CMAKE_CXX_COMPILER
    CMAKE_C_COMPILER


---
Cloning into 'src/rosidl_dynamic_typesupport'...
--- stderr: ament_pyflakes
/home/shashwat/.espressif/python_env/idf5.3_py3.10_env/lib/python3.10/site-packages/setuptools/_distutils/cmd.py:66: SetuptoolsDeprecationWarning: setup.py install is deprecated.
!!

        ********************************************************************************
        Please avoid running ``setup.py`` directly.
        Instead, use pypa/build, pypa/installer or other
        standards-based tools.

        See https://blog.ganssle.io/articles/2021/10/setup-py-deprecated.html for details.
        ********************************************************************************

!!
  self.initialize_options()
---
--- stderr: ament_pep257
/home/shashwat/.espressif/python_env/idf5.3_py3.10_env/lib/python3.10/site-packages/setuptools/_distutils/cmd.py:66: SetuptoolsDeprecationWarning: setup.py install is deprecated.
!!

        ********************************************************************************
        Please avoid running ``setup.py`` directly.
        Instead, use pypa/build, pypa/installer or other
        standards-based tools.

        See https://blog.ganssle.io/articles/2021/10/setup-py-deprecated.html for details.
        ********************************************************************************

!!
  self.initialize_options()
---
--- stderr: ament_mypy
/home/shashwat/.espressif/python_env/idf5.3_py3.10_env/lib/python3.10/site-packages/setuptools/_distutils/cmd.py:66: SetuptoolsDeprecationWarning: setup.py install is deprecated.
!!

        ********************************************************************************
        Please avoid running ``setup.py`` directly.
        Instead, use pypa/build, pypa/installer or other
        standards-based tools.

        See https://blog.ganssle.io/articles/2021/10/setup-py-deprecated.html for details.
        ********************************************************************************

!!
  self.initialize_options()
---
--- stderr: ament_cmake_libraries
CMake Warning:
  Manually-specified variables were not used by the project:

    CMAKE_CXX_COMPILER
    CMAKE_C_COMPILER


---
--- stderr: ament_cmake_export_libraries
CMake Warning:
  Manually-specified variables were not used by the project:

    CMAKE_CXX_COMPILER
    CMAKE_C_COMPILER


---
--- stderr: ament_copyright
/home/shashwat/.espressif/python_env/idf5.3_py3.10_env/lib/python3.10/site-packages/setuptools/_distutils/cmd.py:66: SetuptoolsDeprecationWarning: setup.py install is deprecated.
!!

        ********************************************************************************
        Please avoid running ``setup.py`` directly.
        Instead, use pypa/build, pypa/installer or other
        standards-based tools.

        See https://blog.ganssle.io/articles/2021/10/setup-py-deprecated.html for details.
        ********************************************************************************

!!
  self.initialize_options()
---
--- stderr: ament_cmake_python
CMake Warning:
  Manually-specified variables were not used by the project:

    CMAKE_CXX_COMPILER
    CMAKE_C_COMPILER


---
--- stderr: ament_cmake_export_dependencies
CMake Warning:
  Manually-specified variables were not used by the project:

    CMAKE_CXX_COMPILER
    CMAKE_C_COMPILER


---
--- stderr: ament_cmake_include_directories
CMake Warning:
  Manually-specified variables were not used by the project:

    CMAKE_CXX_COMPILER
    CMAKE_C_COMPILER


---
--- stderr: ament_lint_cmake
/home/shashwat/.espressif/python_env/idf5.3_py3.10_env/lib/python3.10/site-packages/setuptools/_distutils/cmd.py:66: SetuptoolsDeprecationWarning: setup.py install is deprecated.
!!

        ********************************************************************************
        Please avoid running ``setup.py`` directly.
        Instead, use pypa/build, pypa/installer or other
        standards-based tools.

        See https://blog.ganssle.io/articles/2021/10/setup-py-deprecated.html for details.
        ********************************************************************************

!!
  self.initialize_options()
---
Cloning into 'src/rmw'...
--- stderr: ament_cmake_export_definitions
CMake Warning:
  Manually-specified variables were not used by the project:

    CMAKE_CXX_COMPILER
    CMAKE_C_COMPILER


---
--- stderr: ament_cmake_export_include_directories
CMake Warning:
  Manually-specified variables were not used by the project:

    CMAKE_CXX_COMPILER
    CMAKE_C_COMPILER


---
--- stderr: ament_cmake_test
CMake Warning:
  Manually-specified variables were not used by the project:

    CMAKE_CXX_COMPILER
    CMAKE_C_COMPILER


---
--- stderr: ament_cmake_export_link_flags
CMake Warning:
  Manually-specified variables were not used by the project:

    CMAKE_CXX_COMPILER
    CMAKE_C_COMPILER


---
--- stderr: ament_cmake_version
CMake Warning:
  Manually-specified variables were not used by the project:

    CMAKE_CXX_COMPILER
    CMAKE_C_COMPILER


---
--- stderr: ament_cmake_export_interfaces
CMake Warning:
  Manually-specified variables were not used by the project:

    CMAKE_CXX_COMPILER
    CMAKE_C_COMPILER


---
--- stderr: ament_cmake_lint_cmake
CMake Warning:
  Manually-specified variables were not used by the project:

    CMAKE_CXX_COMPILER
    CMAKE_C_COMPILER


---
--- stderr: ament_cmake_gtest
CMake Warning:
  Manually-specified variables were not used by the project:

    CMAKE_CXX_COMPILER
    CMAKE_C_COMPILER


---
--- stderr: ament_cmake_export_targets
CMake Warning:
  Manually-specified variables were not used by the project:

    CMAKE_CXX_COMPILER
    CMAKE_C_COMPILER


---
--- stderr: ament_cmake_target_dependencies
CMake Warning:
  Manually-specified variables were not used by the project:

    CMAKE_CXX_COMPILER
    CMAKE_C_COMPILER


---
--- stderr: ament_cpplint
/home/shashwat/.espressif/python_env/idf5.3_py3.10_env/lib/python3.10/site-packages/setuptools/_distutils/cmd.py:66: SetuptoolsDeprecationWarning: setup.py install is deprecated.
!!

        ********************************************************************************
        Please avoid running ``setup.py`` directly.
        Instead, use pypa/build, pypa/installer or other
        standards-based tools.

        See https://blog.ganssle.io/articles/2021/10/setup-py-deprecated.html for details.
        ********************************************************************************

!!
  self.initialize_options()
---
--- stderr: ament_cmake_copyright
CMake Warning:
  Manually-specified variables were not used by the project:

    CMAKE_CXX_COMPILER
    CMAKE_C_COMPILER


---
--- stderr: ament_uncrustify
/home/shashwat/.espressif/python_env/idf5.3_py3.10_env/lib/python3.10/site-packages/setuptools/_distutils/cmd.py:66: SetuptoolsDeprecationWarning: setup.py install is deprecated.
!!

        ********************************************************************************
        Please avoid running ``setup.py`` directly.
        Instead, use pypa/build, pypa/installer or other
        standards-based tools.

        See https://blog.ganssle.io/articles/2021/10/setup-py-deprecated.html for details.
        ********************************************************************************

!!
  self.initialize_options()
---
--- stderr: ament_xmllint
/home/shashwat/.espressif/python_env/idf5.3_py3.10_env/lib/python3.10/site-packages/setuptools/_distutils/cmd.py:66: SetuptoolsDeprecationWarning: setup.py install is deprecated.
!!

        ********************************************************************************
        Please avoid running ``setup.py`` directly.
        Instead, use pypa/build, pypa/installer or other
        standards-based tools.

        See https://blog.ganssle.io/articles/2021/10/setup-py-deprecated.html for details.
        ********************************************************************************

!!
  self.initialize_options()
---
--- stderr: ament_cmake_cppcheck
CMake Warning:
  Manually-specified variables were not used by the project:

    CMAKE_CXX_COMPILER
    CMAKE_C_COMPILER


---
--- stderr: ament_cmake_cpplint
CMake Warning:
  Manually-specified variables were not used by the project:

    CMAKE_CXX_COMPILER
    CMAKE_C_COMPILER


---
--- stderr: ament_cmake_flake8
CMake Warning:
  Manually-specified variables were not used by the project:

    CMAKE_CXX_COMPILER
    CMAKE_C_COMPILER


---
--- stderr: ament_cmake_pep257
CMake Warning:
  Manually-specified variables were not used by the project:

    CMAKE_CXX_COMPILER
    CMAKE_C_COMPILER


---
--- stderr: ament_cmake
CMake Warning:
  Manually-specified variables were not used by the project:

    CMAKE_CXX_COMPILER
    CMAKE_C_COMPILER


---
--- stderr: ament_cmake_uncrustify
CMake Warning:
  Manually-specified variables were not used by the project:

    CMAKE_CXX_COMPILER
    CMAKE_C_COMPILER


---
--- stderr: ament_cmake_xmllint
CMake Warning:
  Manually-specified variables were not used by the project:

    CMAKE_CXX_COMPILER
    CMAKE_C_COMPILER


---
--- stderr: ament_lint_auto
CMake Warning:
  Manually-specified variables were not used by the project:

    CMAKE_CXX_COMPILER
    CMAKE_C_COMPILER


---
--- stderr: ament_clang_format
/home/shashwat/.espressif/python_env/idf5.3_py3.10_env/lib/python3.10/site-packages/setuptools/_distutils/cmd.py:66: SetuptoolsDeprecationWarning: setup.py install is deprecated.
!!

        ********************************************************************************
        Please avoid running ``setup.py`` directly.
        Instead, use pypa/build, pypa/installer or other
        standards-based tools.

        See https://blog.ganssle.io/articles/2021/10/setup-py-deprecated.html for details.
        ********************************************************************************

!!
  self.initialize_options()
---
--- stderr: ament_clang_tidy
/home/shashwat/.espressif/python_env/idf5.3_py3.10_env/lib/python3.10/site-packages/setuptools/_distutils/cmd.py:66: SetuptoolsDeprecationWarning: setup.py install is deprecated.
!!

        ********************************************************************************
        Please avoid running ``setup.py`` directly.
        Instead, use pypa/build, pypa/installer or other
        standards-based tools.

        See https://blog.ganssle.io/articles/2021/10/setup-py-deprecated.html for details.
        ********************************************************************************

!!
  self.initialize_options()
---
--- stderr: ament_lint_common
CMake Warning:
  Manually-specified variables were not used by the project:

    CMAKE_CXX_COMPILER
    CMAKE_C_COMPILER


---
--- stderr: ament_cmake_pytest
CMake Warning:
  Manually-specified variables were not used by the project:

    CMAKE_CXX_COMPILER
    CMAKE_C_COMPILER


---
--- stderr: ament_pclint
/home/shashwat/.espressif/python_env/idf5.3_py3.10_env/lib/python3.10/site-packages/setuptools/_distutils/cmd.py:66: SetuptoolsDeprecationWarning: setup.py install is deprecated.
!!

        ********************************************************************************
        Please avoid running ``setup.py`` directly.
        Instead, use pypa/build, pypa/installer or other
        standards-based tools.

        See https://blog.ganssle.io/articles/2021/10/setup-py-deprecated.html for details.
        ********************************************************************************

!!
  self.initialize_options()
---
--- stderr: domain_coordinator
/home/shashwat/.espressif/python_env/idf5.3_py3.10_env/lib/python3.10/site-packages/setuptools/_distutils/cmd.py:66: SetuptoolsDeprecationWarning: setup.py install is deprecated.
!!

        ********************************************************************************
        Please avoid running ``setup.py`` directly.
        Instead, use pypa/build, pypa/installer or other
        standards-based tools.

        See https://blog.ganssle.io/articles/2021/10/setup-py-deprecated.html for details.
        ********************************************************************************

!!
  self.initialize_options()
---
--- stderr: ament_cmake_gmock
CMake Warning:
  Manually-specified variables were not used by the project:

    CMAKE_CXX_COMPILER
    CMAKE_C_COMPILER


---
--- stderr: ament_index_python
/home/shashwat/.espressif/python_env/idf5.3_py3.10_env/lib/python3.10/site-packages/setuptools/_distutils/cmd.py:66: SetuptoolsDeprecationWarning: setup.py install is deprecated.
!!

        ********************************************************************************
        Please avoid running ``setup.py`` directly.
        Instead, use pypa/build, pypa/installer or other
        standards-based tools.

        See https://blog.ganssle.io/articles/2021/10/setup-py-deprecated.html for details.
        ********************************************************************************

!!
  self.initialize_options()
---
--- stderr: ament_cmake_google_benchmark
CMake Warning:
  Manually-specified variables were not used by the project:

    CMAKE_CXX_COMPILER
    CMAKE_C_COMPILER


---
--- stderr: ament_cmake_vendor_package
CMake Warning:
  Manually-specified variables were not used by the project:

    CMAKE_CXX_COMPILER
    CMAKE_C_COMPILER


---
Cloning into 'src/rcl_interfaces'...
--- stderr: ament_cmake_auto
CMake Warning:
  Manually-specified variables were not used by the project:

    CMAKE_CXX_COMPILER
    CMAKE_C_COMPILER


---
--- stderr: ament_cmake_clang_format
CMake Warning:
  Manually-specified variables were not used by the project:

    CMAKE_CXX_COMPILER
    CMAKE_C_COMPILER


---
--- stderr: ament_cmake_clang_tidy
CMake Warning:
  Manually-specified variables were not used by the project:

    CMAKE_CXX_COMPILER
    CMAKE_C_COMPILER


---
--- stderr: ament_cmake_mypy
CMake Warning:
  Manually-specified variables were not used by the project:

    CMAKE_CXX_COMPILER
    CMAKE_C_COMPILER


---
--- stderr: ament_cmake_pclint
CMake Warning:
  Manually-specified variables were not used by the project:

    CMAKE_CXX_COMPILER
    CMAKE_C_COMPILER


---
--- stderr: ament_cmake_pyflakes
CMake Warning:
  Manually-specified variables were not used by the project:

    CMAKE_CXX_COMPILER
    CMAKE_C_COMPILER


---
--- stderr: ament_cmake_pycodestyle
CMake Warning:
  Manually-specified variables were not used by the project:

    CMAKE_CXX_COMPILER
    CMAKE_C_COMPILER


---
Cloning into 'src/rosidl_defaults'...
--- stderr: ament_cmake_ros
CMake Warning:
  Manually-specified variables were not used by the project:

    CMAKE_CXX_COMPILER
    CMAKE_C_COMPILER


---
Cloning into 'src/unique_identifier_msgs'...
Cloning into 'src/common_interfaces'...
Cloning into 'src/example_interfaces'...
Cloning into 'src/test_interface_files'...
Cloning into 'src/rmw_implementation'...
error: RPC failed; curl 92 HTTP/2 stream 0 was not closed cleanly: CANCEL (err 8)
error: 3784 bytes of body are still expected
fetch-pack: unexpected disconnect while reading sideband packet
fatal: early EOF
fatal: fetch-pack: invalid index-pack output
Cloning into 'src/rcl_logging'...
Cloning into 'src/ros2_tracing'...
Cloning into 'src/micro_ros_utilities'...
Cloning into 'src/rosidl_core'...
touch: cannot touch 'src/rcl_logging/rcl_logging_log4cxx/COLCON_IGNORE': No such file or directory
--- stderr: rosidl_cli
/home/shashwat/.espressif/python_env/idf5.3_py3.10_env/lib/python3.10/site-packages/setuptools/_distutils/cmd.py:66: SetuptoolsDeprecationWarning: setup.py install is deprecated.
!!

        ********************************************************************************
        Please avoid running ``setup.py`` directly.
        Instead, use pypa/build, pypa/installer or other
        standards-based tools.

        See https://blog.ganssle.io/articles/2021/10/setup-py-deprecated.html for details.
        ********************************************************************************

!!
  self.initialize_options()
---
--- stderr: rcutils
In file included from /home/shashwat/drone_flight_control/components/micro_ros_espidf_component/micro_ros_src/src/rcutils/include/rcutils/error_handling.h:28,
                 from /home/shashwat/drone_flight_control/components/micro_ros_espidf_component/micro_ros_src/src/rcutils/src/allocator.c:20:
/home/shashwat/drone_flight_control/components/micro_ros_espidf_component/include_override/assert.h:3:2: warning: #include_next is a GCC extension
    3 | #include_next <assert.h>
      |  ^~~~~~~~~~~~
In file included from /home/shashwat/drone_flight_control/components/micro_ros_espidf_component/micro_ros_src/src/rcutils/include/rcutils/error_handling.h:28,
                 from /home/shashwat/drone_flight_control/components/micro_ros_espidf_component/micro_ros_src/src/rcutils/src/array_list.c:23:
/home/shashwat/drone_flight_control/components/micro_ros_espidf_component/include_override/assert.h:3:2: warning: #include_next is a GCC extension
    3 | #include_next <assert.h>
      |  ^~~~~~~~~~~~
In file included from /home/shashwat/drone_flight_control/components/micro_ros_espidf_component/micro_ros_src/src/rcutils/include/rcutils/error_handling.h:28,
                 from /home/shashwat/drone_flight_control/components/micro_ros_espidf_component/micro_ros_src/src/rcutils/src/char_array.c:16:
/home/shashwat/drone_flight_control/components/micro_ros_espidf_component/include_override/assert.h:3:2: warning: #include_next is a GCC extension
    3 | #include_next <assert.h>
      |  ^~~~~~~~~~~~
In file included from /home/shashwat/drone_flight_control/components/micro_ros_espidf_component/include_override/assert.h:3:
/home/shashwat/esp/esp-idf/components/newlib/platform_include/assert.h:16:2: warning: #include_next is a GCC extension
   16 | #include_next <assert.h>
      |  ^~~~~~~~~~~~
In file included from /home/shashwat/drone_flight_control/components/micro_ros_espidf_component/micro_ros_src/src/rcutils/src/env.c:20:
/home/shashwat/esp/esp-idf/components/newlib/platform_include/errno.h:10:2: warning: #include_next is a GCC extension
   10 | #include_next "errno.h"
      |  ^~~~~~~~~~~~
In file included from /home/shashwat/drone_flight_control/components/micro_ros_espidf_component/micro_ros_src/src/rcutils/include/rcutils/error_handling.h:28,
                 from /home/shashwat/drone_flight_control/components/micro_ros_espidf_component/micro_ros_src/src/rcutils/src/error_handling.c:22:
/home/shashwat/drone_flight_control/components/micro_ros_espidf_component/include_override/assert.h:3:2: warning: #include_next is a GCC extension
    3 | #include_next <assert.h>
      |  ^~~~~~~~~~~~
In file included from /home/shashwat/drone_flight_control/components/micro_ros_espidf_component/include_override/assert.h:3:
/home/shashwat/esp/esp-idf/components/newlib/platform_include/assert.h:16:2: warning: #include_next is a GCC extension
   16 | #include_next <assert.h>
      |  ^~~~~~~~~~~~
In file included from /home/shashwat/drone_flight_control/components/micro_ros_espidf_component/micro_ros_src/src/rcutils/include/rcutils/error_handling.h:28,
                 from /home/shashwat/drone_flight_control/components/micro_ros_espidf_component/micro_ros_src/src/rcutils/src/env.c:25:
/home/shashwat/drone_flight_control/components/micro_ros_espidf_component/include_override/assert.h:3:2: warning: #include_next is a GCC extension
    3 | #include_next <assert.h>
      |  ^~~~~~~~~~~~
In file included from /home/shashwat/drone_flight_control/components/micro_ros_espidf_component/micro_ros_src/src/rcutils/src/filesystem.c:21:
/home/shashwat/esp/esp-idf/components/newlib/platform_include/errno.h:10:2: warning: #include_next is a GCC extension
   10 | #include_next "errno.h"
      |  ^~~~~~~~~~~~
In file included from /home/shashwat/drone_flight_control/components/micro_ros_espidf_component/micro_ros_src/src/rcutils/src/./error_handling_helpers.h:37,
                 from /home/shashwat/drone_flight_control/components/micro_ros_espidf_component/micro_ros_src/src/rcutils/src/error_handling.c:35:
/home/shashwat/drone_flight_control/components/micro_ros_espidf_component/include_override/assert.h:3:2: warning: #include_next is a GCC extension
    3 | #include_next <assert.h>
      |  ^~~~~~~~~~~~
/home/shashwat/drone_flight_control/components/micro_ros_espidf_component/micro_ros_src/src/rcutils/src/./error_handling_helpers.h: In function '__rcutils_convert_uint64_t_into_c_str':
/home/shashwat/drone_flight_control/components/micro_ros_espidf_component/micro_ros_src/src/rcutils/src/./error_handling_helpers.h:109:48: warning: unused parameter 'number' [-Wunused-parameter]
  109 | __rcutils_convert_uint64_t_into_c_str(uint64_t number, char * buffer, size_t buffer_size)
      |                                       ~~~~~~~~~^~~~~~
/home/shashwat/drone_flight_control/components/micro_ros_espidf_component/micro_ros_src/src/rcutils/src/./error_handling_helpers.h:109:63: warning: unused parameter 'buffer' [-Wunused-parameter]
  109 | __rcutils_convert_uint64_t_into_c_str(uint64_t number, char * buffer, size_t buffer_size)
      |                                                        ~~~~~~~^~~~~~
/home/shashwat/drone_flight_control/components/micro_ros_espidf_component/micro_ros_src/src/rcutils/src/./error_handling_helpers.h:109:78: warning: unused parameter 'buffer_size' [-Wunused-parameter]
  109 | __rcutils_convert_uint64_t_into_c_str(uint64_t number, char * buffer, size_t buffer_size)
      |                                                                       ~~~~~~~^~~~~~~~~~~
/home/shashwat/drone_flight_control/components/micro_ros_espidf_component/micro_ros_src/src/rcutils/src/./error_handling_helpers.h: In function '__rcutils_format_error_string':
/home/shashwat/drone_flight_control/components/micro_ros_espidf_component/micro_ros_src/src/rcutils/src/./error_handling_helpers.h:142:28: warning: unused parameter 'error_string' [-Wunused-parameter]
  142 |   rcutils_error_string_t * error_string,
      |   ~~~~~~~~~~~~~~~~~~~~~~~~~^~~~~~~~~~~~
/home/shashwat/drone_flight_control/components/micro_ros_espidf_component/micro_ros_src/src/rcutils/src/./error_handling_helpers.h:143:33: warning: unused parameter 'error_state' [-Wunused-parameter]
  143 |   const rcutils_error_state_t * error_state)
      |   ~~~~~~~~~~~~~~~~~~~~~~~~~~~~~~^~~~~~~~~~~
/home/shashwat/drone_flight_control/components/micro_ros_espidf_component/micro_ros_src/src/rcutils/src/error_handling.c: In function 'rcutils_get_error_string':
/home/shashwat/drone_flight_control/components/micro_ros_espidf_component/micro_ros_src/src/rcutils/src/error_handling.c:240:38: warning: initializer-string for array of 'char' is too long
  240 |     return (rcutils_error_string_t) {"error not set"};  // NOLINT(readability/braces)
      |                                      ^~~~~~~~~~~~~~~
/home/shashwat/drone_flight_control/components/micro_ros_espidf_component/micro_ros_src/src/rcutils/src/error_handling.c:240:38: note: (near initialization for '(anonymous).str')
/home/shashwat/drone_flight_control/components/micro_ros_espidf_component/micro_ros_src/src/rcutils/src/./error_handling_helpers.h: At top level:
/home/shashwat/drone_flight_control/components/micro_ros_espidf_component/micro_ros_src/src/rcutils/src/./error_handling_helpers.h:109:1: warning: '__rcutils_convert_uint64_t_into_c_str' defined but not used [-Wunused-function]
  109 | __rcutils_convert_uint64_t_into_c_str(uint64_t number, char * buffer, size_t buffer_size)
      | ^~~~~~~~~~~~~~~~~~~~~~~~~~~~~~~~~~~~~
/home/shashwat/drone_flight_control/components/micro_ros_espidf_component/micro_ros_src/src/rcutils/src/./error_handling_helpers.h:91:1: warning: '__rcutils_reverse_str' defined but not used [-Wunused-function]
   91 | __rcutils_reverse_str(char * string_in, size_t string_len)
      | ^~~~~~~~~~~~~~~~~~~~~
In file included from /home/shashwat/drone_flight_control/components/micro_ros_espidf_component/micro_ros_src/src/rcutils/include/rcutils/error_handling.h:28,
                 from /home/shashwat/drone_flight_control/components/micro_ros_espidf_component/micro_ros_src/src/rcutils/src/filesystem.c:50:
/home/shashwat/drone_flight_control/components/micro_ros_espidf_component/include_override/assert.h:3:2: warning: #include_next is a GCC extension
    3 | #include_next <assert.h>
      |  ^~~~~~~~~~~~
In file included from /home/shashwat/drone_flight_control/components/micro_ros_espidf_component/micro_ros_src/src/rcutils/src/process.c:20:
/home/shashwat/esp/esp-idf/components/newlib/platform_include/errno.h:10:2: warning: #include_next is a GCC extension
   10 | #include_next "errno.h"
      |  ^~~~~~~~~~~~
In file included from /home/shashwat/drone_flight_control/components/micro_ros_espidf_component/micro_ros_src/src/rcutils/src/logging.c:16:
/home/shashwat/esp/esp-idf/components/newlib/platform_include/errno.h:10:2: warning: #include_next is a GCC extension
   10 | #include_next "errno.h"
      |  ^~~~~~~~~~~~
In file included from /home/shashwat/drone_flight_control/components/micro_ros_espidf_component/micro_ros_src/src/rcutils/include/rcutils/error_handling.h:28,
                 from /home/shashwat/drone_flight_control/components/micro_ros_espidf_component/micro_ros_src/src/rcutils/include/rcutils/types/string_array.h:28,
                 from /home/shashwat/drone_flight_control/components/micro_ros_espidf_component/micro_ros_src/src/rcutils/include/rcutils/types.h:26,
                 from /home/shashwat/drone_flight_control/components/micro_ros_espidf_component/micro_ros_src/src/rcutils/include/rcutils/find.h:25,
                 from /home/shashwat/drone_flight_control/components/micro_ros_espidf_component/micro_ros_src/src/rcutils/src/find.c:20:
/home/shashwat/drone_flight_control/components/micro_ros_espidf_component/include_override/assert.h:3:2: warning: #include_next is a GCC extension
    3 | #include_next <assert.h>
      |  ^~~~~~~~~~~~
In file included from /home/shashwat/drone_flight_control/components/micro_ros_espidf_component/micro_ros_src/src/rcutils/include/rcutils/error_handling.h:28,
                 from /home/shashwat/drone_flight_control/components/micro_ros_espidf_component/micro_ros_src/src/rcutils/src/logging.c:42:
/home/shashwat/drone_flight_control/components/micro_ros_espidf_component/include_override/assert.h:3:2: warning: #include_next is a GCC extension
    3 | #include_next <assert.h>
      |  ^~~~~~~~~~~~
/home/shashwat/drone_flight_control/components/micro_ros_espidf_component/micro_ros_src/src/rcutils/src/logging.c: In function 'rcutils_get_env_var_zero_or_one':
/home/shashwat/drone_flight_control/components/micro_ros_espidf_component/micro_ros_src/src/rcutils/src/logging.c:149:35: warning: unused parameter 'zero_semantic' [-Wunused-parameter]
  149 |   const char * name, const char * zero_semantic,
      |                      ~~~~~~~~~~~~~^~~~~~~~~~~~~
/home/shashwat/drone_flight_control/components/micro_ros_espidf_component/micro_ros_src/src/rcutils/src/logging.c:150:16: warning: unused parameter 'one_semantic' [-Wunused-parameter]
  150 |   const char * one_semantic)
      |   ~~~~~~~~~~~~~^~~~~~~~~~~~
In file included from /home/shashwat/drone_flight_control/components/micro_ros_espidf_component/micro_ros_src/src/rcutils/include/rcutils/error_handling.h:28,
                 from /home/shashwat/drone_flight_control/components/micro_ros_espidf_component/micro_ros_src/src/rcutils/src/qsort.c:22:
/home/shashwat/drone_flight_control/components/micro_ros_espidf_component/include_override/assert.h:3:2: warning: #include_next is a GCC extension
    3 | #include_next <assert.h>
      |  ^~~~~~~~~~~~
In file included from /home/shashwat/drone_flight_control/components/micro_ros_espidf_component/micro_ros_src/src/rcutils/include/rcutils/error_handling.h:28,
                 from /home/shashwat/drone_flight_control/components/micro_ros_espidf_component/micro_ros_src/src/rcutils/src/process.c:43:
/home/shashwat/drone_flight_control/components/micro_ros_espidf_component/include_override/assert.h:3:2: warning: #include_next is a GCC extension
    3 | #include_next <assert.h>
      |  ^~~~~~~~~~~~
In file included from /home/shashwat/drone_flight_control/components/micro_ros_espidf_component/micro_ros_src/src/rcutils/include/rcutils/error_handling.h:28,
                 from /home/shashwat/drone_flight_control/components/micro_ros_espidf_component/micro_ros_src/src/rcutils/src/hash_map.c:24:
/home/shashwat/drone_flight_control/components/micro_ros_espidf_component/include_override/assert.h:3:2: warning: #include_next is a GCC extension
    3 | #include_next <assert.h>
      |  ^~~~~~~~~~~~
In file included from /home/shashwat/drone_flight_control/components/micro_ros_espidf_component/micro_ros_src/src/rcutils/src/sha256.c:15:
/home/shashwat/drone_flight_control/components/micro_ros_espidf_component/include_override/assert.h:3:2: warning: #include_next is a GCC extension
    3 | #include_next <assert.h>
      |  ^~~~~~~~~~~~
In file included from /home/shashwat/drone_flight_control/components/micro_ros_espidf_component/include_override/assert.h:3:
/home/shashwat/esp/esp-idf/components/newlib/platform_include/assert.h:16:2: warning: #include_next is a GCC extension
   16 | #include_next <assert.h>
      |  ^~~~~~~~~~~~
In file included from /home/shashwat/drone_flight_control/components/micro_ros_espidf_component/micro_ros_src/src/rcutils/src/snprintf.c:22:
/home/shashwat/esp/esp-idf/components/newlib/platform_include/errno.h:10:2: warning: #include_next is a GCC extension
   10 | #include_next "errno.h"
      |  ^~~~~~~~~~~~
In file included from /home/shashwat/drone_flight_control/components/micro_ros_espidf_component/micro_ros_src/src/rcutils/include/rcutils/error_handling.h:28,
                 from /home/shashwat/drone_flight_control/components/micro_ros_espidf_component/micro_ros_src/src/rcutils/src/shared_library.c:57:
/home/shashwat/drone_flight_control/components/micro_ros_espidf_component/include_override/assert.h:3:2: warning: #include_next is a GCC extension
    3 | #include_next <assert.h>
      |  ^~~~~~~~~~~~
In file included from /home/shashwat/drone_flight_control/components/micro_ros_espidf_component/micro_ros_src/src/rcutils/src/strcasecmp.c:20:
/home/shashwat/esp/esp-idf/components/newlib/platform_include/errno.h:10:2: warning: #include_next is a GCC extension
   10 | #include_next "errno.h"
      |  ^~~~~~~~~~~~
In file included from /home/shashwat/drone_flight_control/components/micro_ros_espidf_component/micro_ros_src/src/rcutils/include/rcutils/error_handling.h:28,
                 from /home/shashwat/drone_flight_control/components/micro_ros_espidf_component/micro_ros_src/src/rcutils/src/split.c:24:
/home/shashwat/drone_flight_control/components/micro_ros_espidf_component/include_override/assert.h:3:2: warning: #include_next is a GCC extension
    3 | #include_next <assert.h>
      |  ^~~~~~~~~~~~
In file included from /home/shashwat/drone_flight_control/components/micro_ros_espidf_component/micro_ros_src/src/rcutils/src/strerror.c:20:
/home/shashwat/esp/esp-idf/components/newlib/platform_include/errno.h:10:2: warning: #include_next is a GCC extension
   10 | #include_next "errno.h"
      |  ^~~~~~~~~~~~
In file included from /home/shashwat/drone_flight_control/components/micro_ros_espidf_component/micro_ros_src/src/rcutils/include/rcutils/error_handling.h:28,
                 from /home/shashwat/drone_flight_control/components/micro_ros_espidf_component/micro_ros_src/src/rcutils/src/./common.h:23,
                 from /home/shashwat/drone_flight_control/components/micro_ros_espidf_component/micro_ros_src/src/rcutils/src/strdup.c:26:
/home/shashwat/drone_flight_control/components/micro_ros_espidf_component/include_override/assert.h:3:2: warning: #include_next is a GCC extension
    3 | #include_next <assert.h>
      |  ^~~~~~~~~~~~
In function 'rcutils_strndup',
    inlined from 'rcutils_strdup' at /home/shashwat/drone_flight_control/components/micro_ros_espidf_component/micro_ros_src/src/rcutils/src/strdup.c:35:10:
/home/shashwat/drone_flight_control/components/micro_ros_espidf_component/micro_ros_src/src/rcutils/src/strdup.c:46:14: warning: 'memchr' specified bound 4294967295 exceeds maximum object size 2147483647 [-Wstringop-overread]
   46 |   char * p = memchr(str, '\0', max_length);
      |              ^~~~~~~~~~~~~~~~~~~~~~~~~~~~~
In file included from /home/shashwat/drone_flight_control/components/micro_ros_espidf_component/micro_ros_src/src/rcutils/src/string_map.c:22:
/home/shashwat/drone_flight_control/components/micro_ros_espidf_component/include_override/assert.h:3:2: warning: #include_next is a GCC extension
    3 | #include_next <assert.h>
      |  ^~~~~~~~~~~~
In file included from /home/shashwat/drone_flight_control/components/micro_ros_espidf_component/micro_ros_src/src/rcutils/include/rcutils/error_handling.h:28,
                 from /home/shashwat/drone_flight_control/components/micro_ros_espidf_component/micro_ros_src/src/rcutils/src/./common.h:23,
                 from /home/shashwat/drone_flight_control/components/micro_ros_espidf_component/micro_ros_src/src/rcutils/src/string_map.c:27:
/home/shashwat/drone_flight_control/components/micro_ros_espidf_component/include_override/assert.h:3:2: warning: #include_next is a GCC extension
    3 | #include_next <assert.h>
      |  ^~~~~~~~~~~~
In file included from /home/shashwat/drone_flight_control/components/micro_ros_espidf_component/micro_ros_src/src/rcutils/include/rcutils/error_handling.h:28,
                 from /home/shashwat/drone_flight_control/components/micro_ros_espidf_component/micro_ros_src/src/rcutils/src/string_array.c:24:
/home/shashwat/drone_flight_control/components/micro_ros_espidf_component/include_override/assert.h:3:2: warning: #include_next is a GCC extension
    3 | #include_next <assert.h>
      |  ^~~~~~~~~~~~
In file included from /home/shashwat/drone_flight_control/components/micro_ros_espidf_component/micro_ros_src/src/rcutils/include/rcutils/error_handling.h:28,
                 from /home/shashwat/drone_flight_control/components/micro_ros_espidf_component/micro_ros_src/src/rcutils/include/rcutils/types/string_array.h:28,
                 from /home/shashwat/drone_flight_control/components/micro_ros_espidf_component/micro_ros_src/src/rcutils/include/rcutils/types.h:26,
                 from /home/shashwat/drone_flight_control/components/micro_ros_espidf_component/micro_ros_src/src/rcutils/include/rcutils/time.h:28,
                 from /home/shashwat/drone_flight_control/components/micro_ros_espidf_component/micro_ros_src/src/rcutils/src/time.c:20:
/home/shashwat/drone_flight_control/components/micro_ros_espidf_component/include_override/assert.h:3:2: warning: #include_next is a GCC extension
    3 | #include_next <assert.h>
      |  ^~~~~~~~~~~~
In file included from /home/shashwat/drone_flight_control/components/micro_ros_espidf_component/micro_ros_src/src/rcutils/include/rcutils/error_handling.h:28,
                 from /home/shashwat/drone_flight_control/components/micro_ros_espidf_component/micro_ros_src/src/rcutils/src/uint8_array.c:15:
/home/shashwat/drone_flight_control/components/micro_ros_espidf_component/include_override/assert.h:3:2: warning: #include_next is a GCC extension
    3 | #include_next <assert.h>
      |  ^~~~~~~~~~~~
In file included from /home/shashwat/drone_flight_control/components/micro_ros_espidf_component/include_override/assert.h:3:
/home/shashwat/esp/esp-idf/components/newlib/platform_include/assert.h:16:2: warning: #include_next is a GCC extension
   16 | #include_next <assert.h>
      |  ^~~~~~~~~~~~
In file included from /home/shashwat/drone_flight_control/components/micro_ros_espidf_component/micro_ros_src/src/rcutils/include/rcutils/error_handling.h:28,
                 from /home/shashwat/drone_flight_control/components/micro_ros_espidf_component/micro_ros_src/src/rcutils/include/rcutils/types/string_array.h:28,
                 from /home/shashwat/drone_flight_control/components/micro_ros_espidf_component/micro_ros_src/src/rcutils/include/rcutils/types.h:26,
                 from /home/shashwat/drone_flight_control/components/micro_ros_espidf_component/micro_ros_src/src/rcutils/include/rcutils/time.h:28,
                 from /home/shashwat/drone_flight_control/components/micro_ros_espidf_component/micro_ros_src/src/rcutils/src/time_unix.c:19:
/home/shashwat/drone_flight_control/components/micro_ros_espidf_component/include_override/assert.h:3:2: warning: #include_next is a GCC extension
    3 | #include_next <assert.h>
      |  ^~~~~~~~~~~~
In file included from /home/shashwat/drone_flight_control/components/micro_ros_espidf_component/micro_ros_src/src/rcutils/src/time_unix.c:35:
/home/shashwat/esp/esp-idf/components/newlib/platform_include/time.h:11:2: warning: #include_next is a GCC extension
   11 | #include_next <time.h>
      |  ^~~~~~~~~~~~
/home/shashwat/drone_flight_control/components/micro_ros_espidf_component/micro_ros_src/src/rcutils/src/atomic_64bits.c:53:10: warning: conflicting types for built-in function '__atomic_load_8'; expected 'long long unsigned int(const volatile void *, int)' [-Wbuiltin-declaration-mismatch]
   53 | uint64_t __atomic_load_8(uint64_t *mem, int model) {
      |          ^~~~~~~~~~~~~~~
/home/shashwat/drone_flight_control/components/micro_ros_espidf_component/micro_ros_src/src/rcutils/src/atomic_64bits.c:62:6: warning: conflicting types for built-in function '__atomic_store_8'; expected 'void(volatile void *, long long unsigned int,  int)' [-Wbuiltin-declaration-mismatch]
   62 | void __atomic_store_8(uint64_t *mem, uint64_t val, int model) {
      |      ^~~~~~~~~~~~~~~~
/home/shashwat/drone_flight_control/components/micro_ros_espidf_component/micro_ros_src/src/rcutils/src/atomic_64bits.c:70:10: warning: conflicting types for built-in function '__atomic_exchange_8'; expected 'long long unsigned int(volatile void *, long long unsigned int,  int)' [-Wbuiltin-declaration-mismatch]
   70 | uint64_t __atomic_exchange_8(uint64_t *mem, uint64_t val, int model) {
      |          ^~~~~~~~~~~~~~~~~~~
/home/shashwat/drone_flight_control/components/micro_ros_espidf_component/micro_ros_src/src/rcutils/src/atomic_64bits.c:80:10: warning: conflicting types for built-in function '__atomic_fetch_add_8'; expected 'long long unsigned int(volatile void *, long long unsigned int,  int)' [-Wbuiltin-declaration-mismatch]
   80 | uint64_t __atomic_fetch_add_8(uint64_t *mem, uint64_t val, int model) {
      |          ^~~~~~~~~~~~~~~~~~~~
In file included from /home/shashwat/drone_flight_control/components/micro_ros_espidf_component/micro_ros_src/src/rcutils/src/time_unix.c:38:
/home/shashwat/esp/esp-idf/components/newlib/platform_include/errno.h:10:2: warning: #include_next is a GCC extension
   10 | #include_next "errno.h"
      |  ^~~~~~~~~~~~
---
--- stderr: tracetools_trace
/home/shashwat/.espressif/python_env/idf5.3_py3.10_env/lib/python3.10/site-packages/setuptools/_distutils/cmd.py:66: SetuptoolsDeprecationWarning: setup.py install is deprecated.
!!

        ********************************************************************************
        Please avoid running ``setup.py`` directly.
        Instead, use pypa/build, pypa/installer or other
        standards-based tools.

        See https://blog.ganssle.io/articles/2021/10/setup-py-deprecated.html for details.
        ********************************************************************************

!!
  self.initialize_options()
---
--- stderr: rosidl_pycommon
/home/shashwat/.espressif/python_env/idf5.3_py3.10_env/lib/python3.10/site-packages/setuptools/_distutils/cmd.py:66: SetuptoolsDeprecationWarning: setup.py install is deprecated.
!!

        ********************************************************************************
        Please avoid running ``setup.py`` directly.
        Instead, use pypa/build, pypa/installer or other
        standards-based tools.

        See https://blog.ganssle.io/articles/2021/10/setup-py-deprecated.html for details.
        ********************************************************************************

!!
  self.initialize_options()
---
--- stderr: rcl_logging_interface
CMake Warning at /home/shashwat/drone_flight_control/components/micro_ros_espidf_component/micro_ros_src/install/share/rcutils/cmake/ament_cmake_export_libraries-extras.cmake:116 (message):
  Package 'rcutils' exports library 'dl' which couldn't be found
Call Stack (most recent call first):
  /home/shashwat/drone_flight_control/components/micro_ros_espidf_component/micro_ros_src/install/share/rcutils/cmake/rcutilsConfig.cmake:41 (include)
  CMakeLists.txt:20 (find_package)


---
--- stderr: rosidl_runtime_c
CMake Warning at /home/shashwat/drone_flight_control/components/micro_ros_espidf_component/micro_ros_src/install/share/rcutils/cmake/ament_cmake_export_libraries-extras.cmake:116 (message):
  Package 'rcutils' exports library 'dl' which couldn't be found
Call Stack (most recent call first):
  /home/shashwat/drone_flight_control/components/micro_ros_espidf_component/micro_ros_src/install/share/rcutils/cmake/rcutilsConfig.cmake:41 (include)
  CMakeLists.txt:15 (find_package)


/home/shashwat/drone_flight_control/components/micro_ros_espidf_component/micro_ros_src/src/rosidl/rosidl_runtime_c/src/type_description_utils.c: In function 'rosidl_runtime_c_type_description_utils_get_field_map':
/home/shashwat/drone_flight_control/components/micro_ros_espidf_component/micro_ros_src/src/rosidl/rosidl_runtime_c/src/type_description_utils.c:141:28: warning: unused variable 'error_string' [-Wunused-variable]
  141 |     rcutils_error_string_t error_string = rcutils_get_error_string();
      |                            ^~~~~~~~~~~~
/home/shashwat/drone_flight_control/components/micro_ros_espidf_component/micro_ros_src/src/rosidl/rosidl_runtime_c/src/type_description_utils.c:152:30: warning: unused variable 'error_string' [-Wunused-variable]
  152 |       rcutils_error_string_t error_string = rcutils_get_error_string();
      |                              ^~~~~~~~~~~~
/home/shashwat/drone_flight_control/components/micro_ros_espidf_component/micro_ros_src/src/rosidl/rosidl_runtime_c/src/type_description_utils.c: In function 'rosidl_runtime_c_type_description_utils_prune_referenced_type_descriptions_in_place':
/home/shashwat/drone_flight_control/components/micro_ros_espidf_component/micro_ros_src/src/rosidl/rosidl_runtime_c/src/type_description_utils.c:524:28: warning: unused variable 'error_string' [-Wunused-variable]
  524 |     rcutils_error_string_t error_string = rcutils_get_error_string();
      |                            ^~~~~~~~~~~~
/home/shashwat/drone_flight_control/components/micro_ros_espidf_component/micro_ros_src/src/rosidl/rosidl_runtime_c/src/type_description_utils.c:534:28: warning: unused variable 'error_string' [-Wunused-variable]
  534 |     rcutils_error_string_t error_string = rcutils_get_error_string();
      |                            ^~~~~~~~~~~~
/home/shashwat/drone_flight_control/components/micro_ros_espidf_component/micro_ros_src/src/rosidl/rosidl_runtime_c/src/type_description_utils.c:544:28: warning: unused variable 'error_string' [-Wunused-variable]
  544 |     rcutils_error_string_t error_string = rcutils_get_error_string();
      |                            ^~~~~~~~~~~~
/home/shashwat/drone_flight_control/components/micro_ros_espidf_component/micro_ros_src/src/rosidl/rosidl_runtime_c/src/type_description_utils.c: In function 'rosidl_runtime_c_type_description_utils_individual_type_description_is_valid':
/home/shashwat/drone_flight_control/components/micro_ros_espidf_component/micro_ros_src/src/rosidl/rosidl_runtime_c/src/type_description_utils.c:668:30: warning: unused variable 'error_string' [-Wunused-variable]
  668 |       rcutils_error_string_t error_string = rcutils_get_error_string();
      |                              ^~~~~~~~~~~~
/home/shashwat/drone_flight_control/components/micro_ros_espidf_component/micro_ros_src/src/rosidl/rosidl_runtime_c/src/type_description_utils.c:684:28: warning: unused variable 'error_string' [-Wunused-variable]
  684 |     rcutils_error_string_t error_string = rcutils_get_error_string();
      |                            ^~~~~~~~~~~~
/home/shashwat/drone_flight_control/components/micro_ros_espidf_component/micro_ros_src/src/rosidl/rosidl_runtime_c/src/type_description_utils.c:694:28: warning: unused variable 'error_string' [-Wunused-variable]
  694 |     rcutils_error_string_t error_string = rcutils_get_error_string();
      |                            ^~~~~~~~~~~~
/home/shashwat/drone_flight_control/components/micro_ros_espidf_component/micro_ros_src/src/rosidl/rosidl_runtime_c/src/type_description_utils.c: In function 'rosidl_runtime_c_type_description_utils_type_description_is_valid':
/home/shashwat/drone_flight_control/components/micro_ros_espidf_component/micro_ros_src/src/rosidl/rosidl_runtime_c/src/type_description_utils.c:738:28: warning: unused variable 'error_string' [-Wunused-variable]
  738 |     rcutils_error_string_t error_string = rcutils_get_error_string();
      |                            ^~~~~~~~~~~~
/home/shashwat/drone_flight_control/components/micro_ros_espidf_component/micro_ros_src/src/rosidl/rosidl_runtime_c/src/type_description_utils.c:758:28: warning: unused variable 'error_string' [-Wunused-variable]
  758 |     rcutils_error_string_t error_string = rcutils_get_error_string();
      |                            ^~~~~~~~~~~~
/home/shashwat/drone_flight_control/components/micro_ros_espidf_component/micro_ros_src/src/rosidl/rosidl_runtime_c/src/type_description_utils.c:770:28: warning: unused variable 'error_string' [-Wunused-variable]
  770 |     rcutils_error_string_t error_string = rcutils_get_error_string();
      |                            ^~~~~~~~~~~~
/home/shashwat/drone_flight_control/components/micro_ros_espidf_component/micro_ros_src/src/rosidl/rosidl_runtime_c/src/type_description_utils.c:790:28: warning: unused variable 'error_string' [-Wunused-variable]
  790 |     rcutils_error_string_t error_string = rcutils_get_error_string();
      |                            ^~~~~~~~~~~~
/home/shashwat/drone_flight_control/components/micro_ros_espidf_component/micro_ros_src/src/rosidl/rosidl_runtime_c/src/type_description_utils.c:800:28: warning: unused variable 'error_string' [-Wunused-variable]
  800 |     rcutils_error_string_t error_string = rcutils_get_error_string();
      |                            ^~~~~~~~~~~~
/home/shashwat/drone_flight_control/components/micro_ros_espidf_component/micro_ros_src/src/rosidl/rosidl_runtime_c/src/type_description_utils.c:821:30: warning: unused variable 'error_string' [-Wunused-variable]
  821 |       rcutils_error_string_t error_string = rcutils_get_error_string();
      |                              ^~~~~~~~~~~~
/home/shashwat/drone_flight_control/components/micro_ros_espidf_component/micro_ros_src/src/rosidl/rosidl_runtime_c/src/type_description_utils.c:835:28: warning: unused variable 'error_string' [-Wunused-variable]
  835 |     rcutils_error_string_t error_string = rcutils_get_error_string();
      |                            ^~~~~~~~~~~~
/home/shashwat/drone_flight_control/components/micro_ros_espidf_component/micro_ros_src/src/rosidl/rosidl_runtime_c/src/type_description_utils.c:845:28: warning: unused variable 'error_string' [-Wunused-variable]
  845 |     rcutils_error_string_t error_string = rcutils_get_error_string();
      |                            ^~~~~~~~~~~~
/home/shashwat/drone_flight_control/components/micro_ros_espidf_component/micro_ros_src/src/rosidl/rosidl_runtime_c/src/type_description_utils.c:855:28: warning: unused variable 'error_string' [-Wunused-variable]
  855 |     rcutils_error_string_t error_string = rcutils_get_error_string();
      |                            ^~~~~~~~~~~~
/home/shashwat/drone_flight_control/components/micro_ros_espidf_component/micro_ros_src/src/rosidl/rosidl_runtime_c/src/type_description_utils.c:865:28: warning: unused variable 'error_string' [-Wunused-variable]
  865 |     rcutils_error_string_t error_string = rcutils_get_error_string();
      |                            ^~~~~~~~~~~~
/home/shashwat/drone_flight_control/components/micro_ros_espidf_component/micro_ros_src/src/rosidl/rosidl_runtime_c/src/type_description_utils.c: In function 'rosidl_runtime_c_type_description_utils_coerce_to_valid_type_description_in_place':
/home/shashwat/drone_flight_control/components/micro_ros_espidf_component/micro_ros_src/src/rosidl/rosidl_runtime_c/src/type_description_utils.c:904:28: warning: unused variable 'error_string' [-Wunused-variable]
  904 |     rcutils_error_string_t error_string = rcutils_get_error_string();
      |                            ^~~~~~~~~~~~
/home/shashwat/drone_flight_control/components/micro_ros_espidf_component/micro_ros_src/src/rosidl/rosidl_runtime_c/src/type_description_utils.c:915:28: warning: unused variable 'error_string' [-Wunused-variable]
  915 |     rcutils_error_string_t error_string = rcutils_get_error_string();
      |                            ^~~~~~~~~~~~
/home/shashwat/drone_flight_control/components/micro_ros_espidf_component/micro_ros_src/src/rosidl/rosidl_runtime_c/src/type_description_utils.c:926:28: warning: unused variable 'error_string' [-Wunused-variable]
  926 |     rcutils_error_string_t error_string = rcutils_get_error_string();
      |                            ^~~~~~~~~~~~
/home/shashwat/drone_flight_control/components/micro_ros_espidf_component/micro_ros_src/src/rosidl/rosidl_runtime_c/src/type_description_utils.c: In function 'rosidl_runtime_c_type_description_utils_append_referenced_individual_type_description':
/home/shashwat/drone_flight_control/components/micro_ros_espidf_component/micro_ros_src/src/rosidl/rosidl_runtime_c/src/type_description_utils.c:1191:28: warning: unused variable 'error_string' [-Wunused-variable]
 1191 |     rcutils_error_string_t error_string = rcutils_get_error_string();
      |                            ^~~~~~~~~~~~
/home/shashwat/drone_flight_control/components/micro_ros_espidf_component/micro_ros_src/src/rosidl/rosidl_runtime_c/src/type_description_utils.c: In function 'rosidl_runtime_c_type_description_utils_append_referenced_type_description':
/home/shashwat/drone_flight_control/components/micro_ros_espidf_component/micro_ros_src/src/rosidl/rosidl_runtime_c/src/type_description_utils.c:1277:30: warning: unused variable 'error_string' [-Wunused-variable]
 1277 |       rcutils_error_string_t error_string = rcutils_get_error_string();
      |                              ^~~~~~~~~~~~
/home/shashwat/drone_flight_control/components/micro_ros_espidf_component/micro_ros_src/src/rosidl/rosidl_runtime_c/src/type_description_utils.c: In function 'rosidl_runtime_c_type_description_utils_repl_all_type_description_type_names_in_place':
/home/shashwat/drone_flight_control/components/micro_ros_espidf_component/micro_ros_src/src/rosidl/rosidl_runtime_c/src/type_description_utils.c:1438:28: warning: unused variable 'error_string' [-Wunused-variable]
 1438 |     rcutils_error_string_t error_string = rcutils_get_error_string();
      |                            ^~~~~~~~~~~~
/home/shashwat/drone_flight_control/components/micro_ros_espidf_component/micro_ros_src/src/rosidl/rosidl_runtime_c/src/type_description_utils.c:1456:32: warning: unused variable 'error_string' [-Wunused-variable]
 1456 |         rcutils_error_string_t error_string = rcutils_get_error_string();
      |                                ^~~~~~~~~~~~
---
--- stderr: rcl_logging_noop
CMake Warning at /home/shashwat/drone_flight_control/components/micro_ros_espidf_component/micro_ros_src/install/share/rcutils/cmake/ament_cmake_export_libraries-extras.cmake:116 (message):
  Package 'rcutils' exports library 'dl' which couldn't be found
Call Stack (most recent call first):
  /home/shashwat/drone_flight_control/components/micro_ros_espidf_component/micro_ros_src/install/share/rcutils/cmake/rcutilsConfig.cmake:41 (include)
  /home/shashwat/drone_flight_control/components/micro_ros_espidf_component/micro_ros_src/install/share/rcl_logging_interface/cmake/ament_cmake_export_dependencies-extras.cmake:21 (find_package)
  /home/shashwat/drone_flight_control/components/micro_ros_espidf_component/micro_ros_src/install/share/rcl_logging_interface/cmake/rcl_logging_interfaceConfig.cmake:41 (include)
  CMakeLists.txt:16 (find_package)


---
--- stderr: tracetools_read
/home/shashwat/.espressif/python_env/idf5.3_py3.10_env/lib/python3.10/site-packages/setuptools/_distutils/cmd.py:66: SetuptoolsDeprecationWarning: setup.py install is deprecated.
!!

        ********************************************************************************
        Please avoid running ``setup.py`` directly.
        Instead, use pypa/build, pypa/installer or other
        standards-based tools.

        See https://blog.ganssle.io/articles/2021/10/setup-py-deprecated.html for details.
        ********************************************************************************

!!
  self.initialize_options()
---
--- stderr: rosidl_dynamic_typesupport
CMake Warning at /home/shashwat/drone_flight_control/components/micro_ros_espidf_component/micro_ros_src/install/share/rcutils/cmake/ament_cmake_export_libraries-extras.cmake:116 (message):
  Package 'rcutils' exports library 'dl' which couldn't be found
Call Stack (most recent call first):
  /home/shashwat/drone_flight_control/components/micro_ros_espidf_component/micro_ros_src/install/share/rcutils/cmake/rcutilsConfig.cmake:41 (include)
  CMakeLists.txt:26 (find_package)


In file included from /home/shashwat/drone_flight_control/components/micro_ros_espidf_component/micro_ros_src/src/rosidl_dynamic_typesupport/src/api/serialization_support.c:15:
/home/shashwat/drone_flight_control/components/micro_ros_espidf_component/include_override/assert.h:3:2: warning: #include_next is a GCC extension
    3 | #include_next <assert.h>
      |  ^~~~~~~~~~~~
In file included from /home/shashwat/drone_flight_control/components/micro_ros_espidf_component/include_override/assert.h:3:
/home/shashwat/esp/esp-idf/components/newlib/platform_include/assert.h:16:2: warning: #include_next is a GCC extension
   16 | #include_next <assert.h>
      |  ^~~~~~~~~~~~
In file included from /home/shashwat/drone_flight_control/components/micro_ros_espidf_component/micro_ros_src/src/rosidl_dynamic_typesupport/src/api/dynamic_data.c:17:
/home/shashwat/drone_flight_control/components/micro_ros_espidf_component/include_override/assert.h:3:2: warning: #include_next is a GCC extension
    3 | #include_next <assert.h>
      |  ^~~~~~~~~~~~
In file included from /home/shashwat/drone_flight_control/components/micro_ros_espidf_component/include_override/assert.h:3:
/home/shashwat/esp/esp-idf/components/newlib/platform_include/assert.h:16:2: warning: #include_next is a GCC extension
   16 | #include_next <assert.h>
      |  ^~~~~~~~~~~~
In file included from /home/shashwat/drone_flight_control/components/micro_ros_espidf_component/micro_ros_src/src/rosidl_dynamic_typesupport/src/api/dynamic_type.c:17:
/home/shashwat/drone_flight_control/components/micro_ros_espidf_component/include_override/assert.h:3:2: warning: #include_next is a GCC extension
    3 | #include_next <assert.h>
      |  ^~~~~~~~~~~~
In file included from /home/shashwat/drone_flight_control/components/micro_ros_espidf_component/include_override/assert.h:3:
/home/shashwat/esp/esp-idf/components/newlib/platform_include/assert.h:16:2: warning: #include_next is a GCC extension
   16 | #include_next <assert.h>
      |  ^~~~~~~~~~~~
/home/shashwat/drone_flight_control/components/micro_ros_espidf_component/micro_ros_src/src/rosidl_dynamic_typesupport/src/api/dynamic_type.c: In function 'rosidl_dynamic_typesupport_dynamic_type_builder_init_from_description':
/home/shashwat/drone_flight_control/components/micro_ros_espidf_component/micro_ros_src/src/rosidl_dynamic_typesupport/src/api/dynamic_type.c:210:28: warning: unused variable 'error_string' [-Wunused-variable]
  210 |     rcutils_error_string_t error_string = rcutils_get_error_string();
      |                            ^~~~~~~~~~~~
---
--- stderr: tracetools_launch
/home/shashwat/.espressif/python_env/idf5.3_py3.10_env/lib/python3.10/site-packages/setuptools/_distutils/cmd.py:66: SetuptoolsDeprecationWarning: setup.py install is deprecated.
!!

        ********************************************************************************
        Please avoid running ``setup.py`` directly.
        Instead, use pypa/build, pypa/installer or other
        standards-based tools.

        See https://blog.ganssle.io/articles/2021/10/setup-py-deprecated.html for details.
        ********************************************************************************

!!
  self.initialize_options()
---
--- stderr: microxrcedds_client
In file included from /home/shashwat/drone_flight_control/components/micro_ros_espidf_component/micro_ros_src/src/Micro-XRCE-DDS-Client/src/c/util/time.c:3:
/home/shashwat/esp/esp-idf/components/newlib/platform_include/time.h:11:2: warning: #include_next is a GCC extension
   11 | #include_next <time.h>
      |  ^~~~~~~~~~~~
In file included from /home/shashwat/esp/esp-idf/components/lwip/port/esp32xx/include/sys/socket.h:15,
                 from /home/shashwat/drone_flight_control/components/micro_ros_espidf_component/micro_ros_src/src/Micro-XRCE-DDS-Client/src/c/profile/transport/ip/udp/udp_transport_posix_nopoll.c:5:
/home/shashwat/esp/esp-idf/components/lwip/include/lwip/sockets.h:8:2: warning: #include_next is a GCC extension
    8 | #include_next "lwip/sockets.h"
      |  ^~~~~~~~~~~~
In file included from /home/shashwat/esp/esp-idf/components/lwip/port/esp32xx/include/sys/socket.h:15,
                 from /home/shashwat/drone_flight_control/components/micro_ros_espidf_component/micro_ros_src/src/Micro-XRCE-DDS-Client/src/c/profile/discovery/transport/udp_transport_datagram_posix_nopoll.c:4:
/home/shashwat/esp/esp-idf/components/lwip/include/lwip/sockets.h:8:2: warning: #include_next is a GCC extension
    8 | #include_next "lwip/sockets.h"
      |  ^~~~~~~~~~~~
In file included from /home/shashwat/esp/esp-idf/components/freertos/config/include/freertos/FreeRTOSConfig.h:16,
                 from /home/shashwat/esp/esp-idf/components/freertos/FreeRTOS-Kernel/include/freertos/FreeRTOS.h:63,
                 from /home/shashwat/esp/esp-idf/components/esp_system/include/esp_task.h:24,
                 from /home/shashwat/esp/esp-idf/components/lwip/port/include/lwipopts.h:20,
                 from /home/shashwat/esp/esp-idf/components/lwip/lwip/src/include/lwip/opt.h:51,
                 from /home/shashwat/esp/esp-idf/components/lwip/lwip/src/include/lwip/sockets.h:42,
                 from /home/shashwat/esp/esp-idf/components/lwip/include/lwip/sockets.h:8:
/home/shashwat/drone_flight_control/components/micro_ros_espidf_component/include_override/assert.h:3:2: warning: #include_next is a GCC extension
    3 | #include_next <assert.h>
      |  ^~~~~~~~~~~~
In file included from /home/shashwat/esp/esp-idf/components/freertos/config/include/freertos/FreeRTOSConfig.h:16,
                 from /home/shashwat/esp/esp-idf/components/freertos/FreeRTOS-Kernel/include/freertos/FreeRTOS.h:63,
                 from /home/shashwat/esp/esp-idf/components/esp_system/include/esp_task.h:24,
                 from /home/shashwat/esp/esp-idf/components/lwip/port/include/lwipopts.h:20,
                 from /home/shashwat/esp/esp-idf/components/lwip/lwip/src/include/lwip/opt.h:51,
                 from /home/shashwat/esp/esp-idf/components/lwip/lwip/src/include/lwip/sockets.h:42,
                 from /home/shashwat/esp/esp-idf/components/lwip/include/lwip/sockets.h:8:
/home/shashwat/drone_flight_control/components/micro_ros_espidf_component/include_override/assert.h:3:2: warning: #include_next is a GCC extension
    3 | #include_next <assert.h>
      |  ^~~~~~~~~~~~
In file included from /home/shashwat/esp/esp-idf/components/freertos/config/include/freertos/FreeRTOSConfig.h:16,
                 from /home/shashwat/esp/esp-idf/components/freertos/FreeRTOS-Kernel/include/freertos/FreeRTOS.h:63,
                 from /home/shashwat/esp/esp-idf/components/esp_system/include/esp_task.h:24,
                 from /home/shashwat/esp/esp-idf/components/lwip/port/include/lwipopts.h:20,
                 from /home/shashwat/esp/esp-idf/components/lwip/lwip/src/include/lwip/opt.h:51,
                 from /home/shashwat/esp/esp-idf/components/lwip/lwip/src/include/lwip/inet.h:43,
                 from /home/shashwat/esp/esp-idf/components/lwip/port/include/arpa/inet.h:10,
                 from /home/shashwat/drone_flight_control/components/micro_ros_espidf_component/micro_ros_src/src/Micro-XRCE-DDS-Client/src/c/profile/transport/ip/ip_posix.c:18:
/home/shashwat/drone_flight_control/components/micro_ros_espidf_component/include_override/assert.h:3:2: warning: #include_next is a GCC extension
    3 | #include_next <assert.h>
      |  ^~~~~~~~~~~~
In file included from /home/shashwat/esp/esp-idf/components/esp_hw_support/include/esp_cpu.h:12,
                 from /home/shashwat/esp/esp-idf/components/esp_hw_support/include/spinlock.h:11,
                 from /home/shashwat/esp/esp-idf/components/freertos/FreeRTOS-Kernel/portable/xtensa/include/freertos/portmacro.h:49,
                 from /home/shashwat/esp/esp-idf/components/freertos/FreeRTOS-Kernel/include/freertos/portable.h:57,
                 from /home/shashwat/esp/esp-idf/components/freertos/FreeRTOS-Kernel/include/freertos/FreeRTOS.h:69:
/home/shashwat/drone_flight_control/components/micro_ros_espidf_component/include_override/assert.h:3:2: warning: #include_next is a GCC extension
    3 | #include_next <assert.h>
      |  ^~~~~~~~~~~~
In file included from /home/shashwat/esp/esp-idf/components/esp_hw_support/include/esp_cpu.h:12,
                 from /home/shashwat/esp/esp-idf/components/esp_hw_support/include/spinlock.h:11,
                 from /home/shashwat/esp/esp-idf/components/freertos/FreeRTOS-Kernel/portable/xtensa/include/freertos/portmacro.h:49,
                 from /home/shashwat/esp/esp-idf/components/freertos/FreeRTOS-Kernel/include/freertos/portable.h:57,
                 from /home/shashwat/esp/esp-idf/components/freertos/FreeRTOS-Kernel/include/freertos/FreeRTOS.h:69:
/home/shashwat/drone_flight_control/components/micro_ros_espidf_component/include_override/assert.h:3:2: warning: #include_next is a GCC extension
    3 | #include_next <assert.h>
      |  ^~~~~~~~~~~~
In file included from /home/shashwat/esp/esp-idf/components/esp_hw_support/include/esp_cpu.h:12,
                 from /home/shashwat/esp/esp-idf/components/esp_hw_support/include/spinlock.h:11,
                 from /home/shashwat/esp/esp-idf/components/freertos/FreeRTOS-Kernel/portable/xtensa/include/freertos/portmacro.h:49,
                 from /home/shashwat/esp/esp-idf/components/freertos/FreeRTOS-Kernel/include/freertos/portable.h:57,
                 from /home/shashwat/esp/esp-idf/components/freertos/FreeRTOS-Kernel/include/freertos/FreeRTOS.h:69:
/home/shashwat/drone_flight_control/components/micro_ros_espidf_component/include_override/assert.h:3:2: warning: #include_next is a GCC extension
    3 | #include_next <assert.h>
      |  ^~~~~~~~~~~~
In file included from /home/shashwat/esp/esp-idf/components/esp_common/include/esp_err.h:11,
                 from /home/shashwat/esp/esp-idf/components/esp_hw_support/include/esp_intr_alloc.h:12,
                 from /home/shashwat/esp/esp-idf/components/esp_hw_support/include/esp_cpu.h:20:
/home/shashwat/drone_flight_control/components/micro_ros_espidf_component/include_override/assert.h:3:2: warning: #include_next is a GCC extension
    3 | #include_next <assert.h>
      |  ^~~~~~~~~~~~
In file included from /home/shashwat/esp/esp-idf/components/esp_common/include/esp_err.h:11,
                 from /home/shashwat/esp/esp-idf/components/esp_hw_support/include/esp_intr_alloc.h:12,
                 from /home/shashwat/esp/esp-idf/components/esp_hw_support/include/esp_cpu.h:20:
/home/shashwat/drone_flight_control/components/micro_ros_espidf_component/include_override/assert.h:3:2: warning: #include_next is a GCC extension
    3 | #include_next <assert.h>
      |  ^~~~~~~~~~~~
/home/shashwat/esp/esp-idf/components/esp_hw_support/include/spinlock.h: In function 'spinlock_acquire':
/home/shashwat/esp/esp-idf/components/esp_hw_support/include/spinlock.h:135:94: warning: comparison of integer expressions of different signedness: 'esp_cpu_cycle_count_t' {aka 'long unsigned int'} and 'int32_t' {aka 'long int'} [-Wsign-compare]
  135 |     } while ((timeout == SPINLOCK_WAIT_FOREVER) || (esp_cpu_get_cycle_count() - start_count) <= timeout);
      |                                                                                              ^~
/home/shashwat/esp/esp-idf/components/esp_hw_support/include/spinlock.h:78:29: warning: variable 'other_core_owner_id' set but not used [-Wunused-but-set-variable]
   78 |     uint32_t core_owner_id, other_core_owner_id;
      |                             ^~~~~~~~~~~~~~~~~~~
/home/shashwat/esp/esp-idf/components/esp_hw_support/include/spinlock.h: In function 'spinlock_release':
/home/shashwat/esp/esp-idf/components/esp_hw_support/include/spinlock.h:176:14: warning: variable 'core_owner_id' set but not used [-Wunused-but-set-variable]
  176 |     uint32_t core_owner_id;
      |              ^~~~~~~~~~~~~
/home/shashwat/esp/esp-idf/components/esp_hw_support/include/spinlock.h: In function 'spinlock_acquire':
/home/shashwat/esp/esp-idf/components/esp_hw_support/include/spinlock.h:135:94: warning: comparison of integer expressions of different signedness: 'esp_cpu_cycle_count_t' {aka 'long unsigned int'} and 'int32_t' {aka 'long int'} [-Wsign-compare]
  135 |     } while ((timeout == SPINLOCK_WAIT_FOREVER) || (esp_cpu_get_cycle_count() - start_count) <= timeout);
      |                                                                                              ^~
/home/shashwat/esp/esp-idf/components/esp_hw_support/include/spinlock.h:78:29: warning: variable 'other_core_owner_id' set but not used [-Wunused-but-set-variable]
   78 |     uint32_t core_owner_id, other_core_owner_id;
      |                             ^~~~~~~~~~~~~~~~~~~
/home/shashwat/esp/esp-idf/components/esp_hw_support/include/spinlock.h: In function 'spinlock_release':
/home/shashwat/esp/esp-idf/components/esp_hw_support/include/spinlock.h:176:14: warning: variable 'core_owner_id' set but not used [-Wunused-but-set-variable]
  176 |     uint32_t core_owner_id;
      |              ^~~~~~~~~~~~~
In file included from /home/shashwat/esp/esp-idf/components/esp_common/include/esp_err.h:11,
                 from /home/shashwat/esp/esp-idf/components/esp_hw_support/include/esp_intr_alloc.h:12,
                 from /home/shashwat/esp/esp-idf/components/esp_hw_support/include/esp_cpu.h:20:
/home/shashwat/drone_flight_control/components/micro_ros_espidf_component/include_override/assert.h:3:2: warning: #include_next is a GCC extension
    3 | #include_next <assert.h>
      |  ^~~~~~~~~~~~
In file included from /home/shashwat/esp/esp-idf/components/esp_common/include/esp_macros.h:12,
                 from /home/shashwat/esp/esp-idf/components/freertos/FreeRTOS-Kernel/portable/xtensa/include/freertos/portmacro.h:51:
/home/shashwat/drone_flight_control/components/micro_ros_espidf_component/include_override/assert.h: At top level:
/home/shashwat/drone_flight_control/components/micro_ros_espidf_component/include_override/assert.h:3:2: warning: #include_next is a GCC extension
    3 | #include_next <assert.h>
      |  ^~~~~~~~~~~~
In file included from /home/shashwat/esp/esp-idf/components/esp_common/include/esp_macros.h:12,
                 from /home/shashwat/esp/esp-idf/components/freertos/FreeRTOS-Kernel/portable/xtensa/include/freertos/portmacro.h:51:
/home/shashwat/drone_flight_control/components/micro_ros_espidf_component/include_override/assert.h: At top level:
/home/shashwat/drone_flight_control/components/micro_ros_espidf_component/include_override/assert.h:3:2: warning: #include_next is a GCC extension
    3 | #include_next <assert.h>
      |  ^~~~~~~~~~~~
In file included from /home/shashwat/esp/esp-idf/components/esp_common/include/esp_assert.h:9,
                 from /home/shashwat/esp/esp-idf/components/esp_common/include/esp_macros.h:13:
/home/shashwat/drone_flight_control/components/micro_ros_espidf_component/include_override/assert.h:3:2: warning: #include_next is a GCC extension
    3 | #include_next <assert.h>
      |  ^~~~~~~~~~~~
/home/shashwat/esp/esp-idf/components/esp_hw_support/include/spinlock.h: In function 'spinlock_acquire':
/home/shashwat/esp/esp-idf/components/esp_hw_support/include/spinlock.h:135:94: warning: comparison of integer expressions of different signedness: 'esp_cpu_cycle_count_t' {aka 'long unsigned int'} and 'int32_t' {aka 'long int'} [-Wsign-compare]
  135 |     } while ((timeout == SPINLOCK_WAIT_FOREVER) || (esp_cpu_get_cycle_count() - start_count) <= timeout);
      |                                                                                              ^~
/home/shashwat/esp/esp-idf/components/esp_hw_support/include/spinlock.h:78:29: warning: variable 'other_core_owner_id' set but not used [-Wunused-but-set-variable]
   78 |     uint32_t core_owner_id, other_core_owner_id;
      |                             ^~~~~~~~~~~~~~~~~~~
/home/shashwat/esp/esp-idf/components/esp_hw_support/include/spinlock.h: In function 'spinlock_release':
/home/shashwat/esp/esp-idf/components/esp_hw_support/include/spinlock.h:176:14: warning: variable 'core_owner_id' set but not used [-Wunused-but-set-variable]
  176 |     uint32_t core_owner_id;
      |              ^~~~~~~~~~~~~
In file included from /home/shashwat/esp/esp-idf/components/esp_common/include/esp_macros.h:12,
                 from /home/shashwat/esp/esp-idf/components/freertos/FreeRTOS-Kernel/portable/xtensa/include/freertos/portmacro.h:51:
/home/shashwat/drone_flight_control/components/micro_ros_espidf_component/include_override/assert.h: At top level:
/home/shashwat/drone_flight_control/components/micro_ros_espidf_component/include_override/assert.h:3:2: warning: #include_next is a GCC extension
    3 | #include_next <assert.h>
      |  ^~~~~~~~~~~~
In file included from /home/shashwat/esp/esp-idf/components/esp_common/include/esp_assert.h:9,
                 from /home/shashwat/esp/esp-idf/components/esp_common/include/esp_macros.h:13:
/home/shashwat/drone_flight_control/components/micro_ros_espidf_component/include_override/assert.h:3:2: warning: #include_next is a GCC extension
    3 | #include_next <assert.h>
      |  ^~~~~~~~~~~~
In file included from /home/shashwat/esp/esp-idf/components/esp_common/include/esp_assert.h:9,
                 from /home/shashwat/esp/esp-idf/components/esp_common/include/esp_macros.h:13:
/home/shashwat/drone_flight_control/components/micro_ros_espidf_component/include_override/assert.h:3:2: warning: #include_next is a GCC extension
    3 | #include_next <assert.h>
      |  ^~~~~~~~~~~~
In file included from /home/shashwat/esp/esp-idf/components/lwip/port/esp32xx/include/arch/cc.h:12,
                 from /home/shashwat/esp/esp-idf/components/lwip/lwip/src/include/lwip/arch.h:48,
                 from /home/shashwat/esp/esp-idf/components/lwip/lwip/src/include/lwip/debug.h:40,
                 from /home/shashwat/esp/esp-idf/components/lwip/lwip/src/include/lwip/opt.h:52:
/home/shashwat/esp/esp-idf/components/newlib/platform_include/errno.h:10:2: warning: #include_next is a GCC extension
   10 | #include_next "errno.h"
      |  ^~~~~~~~~~~~
In file included from /home/shashwat/esp/esp-idf/components/lwip/port/esp32xx/include/arch/cc.h:13:
/home/shashwat/drone_flight_control/components/micro_ros_espidf_component/include_override/assert.h:3:2: warning: #include_next is a GCC extension
    3 | #include_next <assert.h>
      |  ^~~~~~~~~~~~
In file included from /home/shashwat/esp/esp-idf/components/lwip/port/esp32xx/include/arch/cc.h:12,
                 from /home/shashwat/esp/esp-idf/components/lwip/lwip/src/include/lwip/arch.h:48,
                 from /home/shashwat/esp/esp-idf/components/lwip/lwip/src/include/lwip/debug.h:40,
                 from /home/shashwat/esp/esp-idf/components/lwip/lwip/src/include/lwip/opt.h:52:
/home/shashwat/esp/esp-idf/components/newlib/platform_include/errno.h:10:2: warning: #include_next is a GCC extension
   10 | #include_next "errno.h"
      |  ^~~~~~~~~~~~
In file included from /home/shashwat/esp/esp-idf/components/lwip/port/esp32xx/include/arch/cc.h:13:
/home/shashwat/drone_flight_control/components/micro_ros_espidf_component/include_override/assert.h:3:2: warning: #include_next is a GCC extension
    3 | #include_next <assert.h>
      |  ^~~~~~~~~~~~
In file included from /home/shashwat/esp/esp-idf/components/lwip/port/esp32xx/include/arch/cc.h:12,
                 from /home/shashwat/esp/esp-idf/components/lwip/lwip/src/include/lwip/arch.h:48,
                 from /home/shashwat/esp/esp-idf/components/lwip/lwip/src/include/lwip/debug.h:40,
                 from /home/shashwat/esp/esp-idf/components/lwip/lwip/src/include/lwip/opt.h:52:
/home/shashwat/esp/esp-idf/components/newlib/platform_include/errno.h:10:2: warning: #include_next is a GCC extension
   10 | #include_next "errno.h"
      |  ^~~~~~~~~~~~
In file included from /home/shashwat/esp/esp-idf/components/lwip/port/esp32xx/include/arch/cc.h:13:
/home/shashwat/drone_flight_control/components/micro_ros_espidf_component/include_override/assert.h:3:2: warning: #include_next is a GCC extension
    3 | #include_next <assert.h>
      |  ^~~~~~~~~~~~
In file included from /home/shashwat/esp/esp-idf/components/lwip/port/esp32xx/include/sys/socket.h:15,
                 from /home/shashwat/drone_flight_control/components/micro_ros_espidf_component/micro_ros_src/src/Micro-XRCE-DDS-Client/src/c/profile/transport/ip/ip_posix.c:20:
/home/shashwat/esp/esp-idf/components/lwip/include/lwip/sockets.h:8:2: warning: #include_next is a GCC extension
    8 | #include_next "lwip/sockets.h"
      |  ^~~~~~~~~~~~
In file included from /home/shashwat/esp/esp-idf/components/lwip/port/include/netdb.h:14,
                 from /home/shashwat/drone_flight_control/components/micro_ros_espidf_component/micro_ros_src/src/Micro-XRCE-DDS-Client/src/c/profile/discovery/transport/udp_transport_datagram_posix_nopoll.c:5:
/home/shashwat/esp/esp-idf/components/lwip/include/lwip/netdb.h:9:2: warning: #include_next is a GCC extension
    9 | #include_next "lwip/netdb.h"
      |  ^~~~~~~~~~~~
In file included from /home/shashwat/drone_flight_control/components/micro_ros_espidf_component/micro_ros_src/src/Micro-XRCE-DDS-Client/src/c/profile/transport/ip/udp/udp_transport_posix_nopoll.c:6:
/home/shashwat/esp/esp-idf/components/newlib/platform_include/sys/time.h:21:2: warning: #include_next is a GCC extension
   21 | #include_next <sys/time.h>
      |  ^~~~~~~~~~~~
In file included from /home/shashwat/esp/esp-idf/components/lwip/port/include/netdb.h:14,
                 from /home/shashwat/drone_flight_control/components/micro_ros_espidf_component/micro_ros_src/src/Micro-XRCE-DDS-Client/src/c/profile/transport/ip/udp/udp_transport_posix_nopoll.c:7:
/home/shashwat/esp/esp-idf/components/lwip/include/lwip/netdb.h:9:2: warning: #include_next is a GCC extension
    9 | #include_next "lwip/netdb.h"
      |  ^~~~~~~~~~~~
---
--- stderr: ros2trace
/home/shashwat/.espressif/python_env/idf5.3_py3.10_env/lib/python3.10/site-packages/setuptools/_distutils/cmd.py:66: SetuptoolsDeprecationWarning: setup.py install is deprecated.
!!

        ********************************************************************************
        Please avoid running ``setup.py`` directly.
        Instead, use pypa/build, pypa/installer or other
        standards-based tools.

        See https://blog.ganssle.io/articles/2021/10/setup-py-deprecated.html for details.
        ********************************************************************************

!!
  self.initialize_options()
---
--- stderr: rmw
CMake Warning at /home/shashwat/drone_flight_control/components/micro_ros_espidf_component/micro_ros_src/install/share/rcutils/cmake/ament_cmake_export_libraries-extras.cmake:116 (message):
  Package 'rcutils' exports library 'dl' which couldn't be found
Call Stack (most recent call first):
  /home/shashwat/drone_flight_control/components/micro_ros_espidf_component/micro_ros_src/install/share/rcutils/cmake/rcutilsConfig.cmake:41 (include)
  CMakeLists.txt:22 (find_package)


In file included from /home/shashwat/drone_flight_control/components/micro_ros_espidf_component/micro_ros_src/src/rmw/rmw/src/validate_full_topic_name.c:17:
/home/shashwat/drone_flight_control/components/micro_ros_espidf_component/micro_ros_src/src/rmw/rmw/src/validate_full_topic_name.c: In function 'rmw_validate_full_topic_name_with_size':
/home/shashwat/drone_flight_control/components/micro_ros_espidf_component/micro_ros_src/src/rmw/rmw/src/validate_full_topic_name.c:106:29: warning: array subscript has type 'char' [-Wchar-subscripts]
  106 |       if (isdigit(topic_name[i + 1]) != 0) {
      |                   ~~~~~~~~~~^~~~~~~
In file included from /home/shashwat/drone_flight_control/components/micro_ros_espidf_component/micro_ros_src/src/rmw/rmw/src/validate_node_name.c:17:
/home/shashwat/drone_flight_control/components/micro_ros_espidf_component/micro_ros_src/src/rmw/rmw/src/validate_node_name.c: In function 'rmw_validate_node_name_with_size':
/home/shashwat/drone_flight_control/components/micro_ros_espidf_component/micro_ros_src/src/rmw/rmw/src/validate_node_name.c:72:24: warning: array subscript has type 'char' [-Wchar-subscripts]
   72 |   if (isdigit(node_name[0]) != 0) {
      |               ~~~~~~~~~^~~
---
--- stderr: test_tracetools_launch
/home/shashwat/.espressif/python_env/idf5.3_py3.10_env/lib/python3.10/site-packages/setuptools/_distutils/cmd.py:66: SetuptoolsDeprecationWarning: setup.py install is deprecated.
!!

        ********************************************************************************
        Please avoid running ``setup.py`` directly.
        Instead, use pypa/build, pypa/installer or other
        standards-based tools.

        See https://blog.ganssle.io/articles/2021/10/setup-py-deprecated.html for details.
        ********************************************************************************

!!
  self.initialize_options()
---
--- stderr: test_ros2trace
/home/shashwat/.espressif/python_env/idf5.3_py3.10_env/lib/python3.10/site-packages/setuptools/_distutils/cmd.py:66: SetuptoolsDeprecationWarning: setup.py install is deprecated.
!!

        ********************************************************************************
        Please avoid running ``setup.py`` directly.
        Instead, use pypa/build, pypa/installer or other
        standards-based tools.

        See https://blog.ganssle.io/articles/2021/10/setup-py-deprecated.html for details.
        ********************************************************************************

!!
  self.initialize_options()
---
--- stderr: tracetools_test
/home/shashwat/.espressif/python_env/idf5.3_py3.10_env/lib/python3.10/site-packages/setuptools/_distutils/cmd.py:66: SetuptoolsDeprecationWarning: setup.py install is deprecated.
!!

        ********************************************************************************
        Please avoid running ``setup.py`` directly.
        Instead, use pypa/build, pypa/installer or other
        standards-based tools.

        See https://blog.ganssle.io/articles/2021/10/setup-py-deprecated.html for details.
        ********************************************************************************

!!
  self.initialize_options()
---
--- stderr: rosidl_typesupport_microxrcedds_c
CMake Warning at /home/shashwat/drone_flight_control/components/micro_ros_espidf_component/micro_ros_src/install/share/rcutils/cmake/ament_cmake_export_libraries-extras.cmake:116 (message):
  Package 'rcutils' exports library 'dl' which couldn't be found
Call Stack (most recent call first):
  /home/shashwat/drone_flight_control/components/micro_ros_espidf_component/micro_ros_src/install/share/rcutils/cmake/rcutilsConfig.cmake:41 (include)
  /home/shashwat/drone_flight_control/components/micro_ros_espidf_component/micro_ros_src/install/share/rosidl_runtime_c/cmake/ament_cmake_export_dependencies-extras.cmake:21 (find_package)
  /home/shashwat/drone_flight_control/components/micro_ros_espidf_component/micro_ros_src/install/share/rosidl_runtime_c/cmake/rosidl_runtime_cConfig.cmake:41 (include)
  CMakeLists.txt:22 (find_package)


---
--- stderr: micro_ros_utilities
CMake Warning at /home/shashwat/drone_flight_control/components/micro_ros_espidf_component/micro_ros_src/install/share/rcutils/cmake/ament_cmake_export_libraries-extras.cmake:116 (message):
  Package 'rcutils' exports library 'dl' which couldn't be found
Call Stack (most recent call first):
  /home/shashwat/drone_flight_control/components/micro_ros_espidf_component/micro_ros_src/install/share/rcutils/cmake/rcutilsConfig.cmake:41 (include)
  /home/shashwat/drone_flight_control/components/micro_ros_espidf_component/micro_ros_src/install/share/rosidl_runtime_c/cmake/ament_cmake_export_dependencies-extras.cmake:21 (find_package)
  /home/shashwat/drone_flight_control/components/micro_ros_espidf_component/micro_ros_src/install/share/rosidl_runtime_c/cmake/rosidl_runtime_cConfig.cmake:41 (include)
  /home/shashwat/drone_flight_control/components/micro_ros_espidf_component/micro_ros_src/install/share/rosidl_typesupport_introspection_c/cmake/ament_cmake_export_dependencies-extras.cmake:21 (find_package)
  /home/shashwat/drone_flight_control/components/micro_ros_espidf_component/micro_ros_src/install/share/rosidl_typesupport_introspection_c/cmake/rosidl_typesupport_introspection_cConfig.cmake:41 (include)
  CMakeLists.txt:18 (find_package)


/home/shashwat/drone_flight_control/components/micro_ros_espidf_component/micro_ros_src/src/micro_ros_utilities/src/type_utilities.c: In function 'print_type_info':
/home/shashwat/drone_flight_control/components/micro_ros_espidf_component/micro_ros_src/src/micro_ros_utilities/src/type_utilities.c:96:61: warning: format '%u' expects argument of type 'unsigned int', but argument 7 has type 'uint32_t' {aka 'long unsigned int'} [-Wformat=]
   96 |       buffer, sizeof(buffer), "%sIntrospection for %s/%s - %u members, %zu B\n",
      |                                                            ~^
      |                                                             |
      |                                                             unsigned int
      |                                                            %lu
......
  100 |       members->member_count_,
      |       ~~~~~~~~~~~~~~~~~~~~~~                                 
      |              |
      |              uint32_t {aka long unsigned int}
---
--- stderr: rosidl_typesupport_c
CMake Warning at /home/shashwat/drone_flight_control/components/micro_ros_espidf_component/micro_ros_src/install/share/rcutils/cmake/ament_cmake_export_libraries-extras.cmake:116 (message):
  Package 'rcutils' exports library 'dl' which couldn't be found
Call Stack (most recent call first):
  /home/shashwat/drone_flight_control/components/micro_ros_espidf_component/micro_ros_src/install/share/rcutils/cmake/rcutilsConfig.cmake:41 (include)
  CMakeLists.txt:34 (find_package)


---
--- stderr: unique_identifier_msgs
CMake Warning at /home/shashwat/drone_flight_control/components/micro_ros_espidf_component/micro_ros_src/install/share/rcutils/cmake/ament_cmake_export_libraries-extras.cmake:116 (message):
  Package 'rcutils' exports library 'dl' which couldn't be found
Call Stack (most recent call first):
  /home/shashwat/drone_flight_control/components/micro_ros_espidf_component/micro_ros_src/install/share/rcutils/cmake/rcutilsConfig.cmake:41 (include)
  /home/shashwat/drone_flight_control/components/micro_ros_espidf_component/micro_ros_src/install/share/rosidl_runtime_c/cmake/ament_cmake_export_dependencies-extras.cmake:21 (find_package)
  /home/shashwat/drone_flight_control/components/micro_ros_espidf_component/micro_ros_src/install/share/rosidl_runtime_c/cmake/rosidl_runtime_cConfig.cmake:41 (include)
  /home/shashwat/drone_flight_control/components/micro_ros_espidf_component/micro_ros_src/install/share/rosidl_typesupport_introspection_c/cmake/ament_cmake_export_dependencies-extras.cmake:21 (find_package)
  /home/shashwat/drone_flight_control/components/micro_ros_espidf_component/micro_ros_src/install/share/rosidl_typesupport_introspection_c/cmake/rosidl_typesupport_introspection_cConfig.cmake:41 (include)
  /home/shashwat/drone_flight_control/components/micro_ros_espidf_component/micro_ros_src/install/share/rosidl_typesupport_c/cmake/rosidl_typesupport_c-extras.cmake:13 (find_package)
  /home/shashwat/drone_flight_control/components/micro_ros_espidf_component/micro_ros_src/install/share/rosidl_typesupport_c/cmake/rosidl_typesupport_cConfig.cmake:41 (include)
  /home/shashwat/drone_flight_control/components/micro_ros_espidf_component/micro_ros_src/install/share/rosidl_core_generators/cmake/rosidl_core_generators-extras.cmake:21 (find_package)
  /home/shashwat/drone_flight_control/components/micro_ros_espidf_component/micro_ros_src/install/share/rosidl_core_generators/cmake/rosidl_core_generatorsConfig.cmake:41 (include)
  CMakeLists.txt:17 (find_package)


/home/shashwat/drone_flight_control/components/micro_ros_espidf_component/micro_ros_src/install/lib/python3.10/site-packages/rosidl_cmake/__init__.py:19: UserWarning: The 'rosidl_cmake' Python module is deprecated. Use 'rosidl_pycommon' instead.
  warnings.warn(
---
--- stderr: builtin_interfaces
CMake Warning at /home/shashwat/drone_flight_control/components/micro_ros_espidf_component/micro_ros_src/install/share/rcutils/cmake/ament_cmake_export_libraries-extras.cmake:116 (message):
  Package 'rcutils' exports library 'dl' which couldn't be found
Call Stack (most recent call first):
  /home/shashwat/drone_flight_control/components/micro_ros_espidf_component/micro_ros_src/install/share/rcutils/cmake/rcutilsConfig.cmake:41 (include)
  /home/shashwat/drone_flight_control/components/micro_ros_espidf_component/micro_ros_src/install/share/rosidl_runtime_c/cmake/ament_cmake_export_dependencies-extras.cmake:21 (find_package)
  /home/shashwat/drone_flight_control/components/micro_ros_espidf_component/micro_ros_src/install/share/rosidl_runtime_c/cmake/rosidl_runtime_cConfig.cmake:41 (include)
  /home/shashwat/drone_flight_control/components/micro_ros_espidf_component/micro_ros_src/install/share/rosidl_typesupport_introspection_c/cmake/ament_cmake_export_dependencies-extras.cmake:21 (find_package)
  /home/shashwat/drone_flight_control/components/micro_ros_espidf_component/micro_ros_src/install/share/rosidl_typesupport_introspection_c/cmake/rosidl_typesupport_introspection_cConfig.cmake:41 (include)
  /home/shashwat/drone_flight_control/components/micro_ros_espidf_component/micro_ros_src/install/share/rosidl_typesupport_c/cmake/rosidl_typesupport_c-extras.cmake:13 (find_package)
  /home/shashwat/drone_flight_control/components/micro_ros_espidf_component/micro_ros_src/install/share/rosidl_typesupport_c/cmake/rosidl_typesupport_cConfig.cmake:41 (include)
  /home/shashwat/drone_flight_control/components/micro_ros_espidf_component/micro_ros_src/install/share/rosidl_core_generators/cmake/rosidl_core_generators-extras.cmake:21 (find_package)
  /home/shashwat/drone_flight_control/components/micro_ros_espidf_component/micro_ros_src/install/share/rosidl_core_generators/cmake/rosidl_core_generatorsConfig.cmake:41 (include)
  CMakeLists.txt:17 (find_package)


/home/shashwat/drone_flight_control/components/micro_ros_espidf_component/micro_ros_src/install/lib/python3.10/site-packages/rosidl_cmake/__init__.py:19: UserWarning: The 'rosidl_cmake' Python module is deprecated. Use 'rosidl_pycommon' instead.
  warnings.warn(
---
--- stderr: service_msgs
CMake Warning at /home/shashwat/drone_flight_control/components/micro_ros_espidf_component/micro_ros_src/install/share/rcutils/cmake/ament_cmake_export_libraries-extras.cmake:116 (message):
  Package 'rcutils' exports library 'dl' which couldn't be found
Call Stack (most recent call first):
  /home/shashwat/drone_flight_control/components/micro_ros_espidf_component/micro_ros_src/install/share/rcutils/cmake/rcutilsConfig.cmake:41 (include)
  /home/shashwat/drone_flight_control/components/micro_ros_espidf_component/micro_ros_src/install/share/rosidl_runtime_c/cmake/ament_cmake_export_dependencies-extras.cmake:21 (find_package)
  /home/shashwat/drone_flight_control/components/micro_ros_espidf_component/micro_ros_src/install/share/rosidl_runtime_c/cmake/rosidl_runtime_cConfig.cmake:41 (include)
  /home/shashwat/drone_flight_control/components/micro_ros_espidf_component/micro_ros_src/install/share/builtin_interfaces/cmake/ament_cmake_export_dependencies-extras.cmake:21 (find_package)
  /home/shashwat/drone_flight_control/components/micro_ros_espidf_component/micro_ros_src/install/share/builtin_interfaces/cmake/builtin_interfacesConfig.cmake:41 (include)
  CMakeLists.txt:15 (find_package)


/home/shashwat/drone_flight_control/components/micro_ros_espidf_component/micro_ros_src/install/lib/python3.10/site-packages/rosidl_cmake/__init__.py:19: UserWarning: The 'rosidl_cmake' Python module is deprecated. Use 'rosidl_pycommon' instead.
  warnings.warn(
cc1: warning: command-line option '-Wnon-virtual-dtor' is valid for C++/ObjC++ but not for C
cc1: warning: command-line option '-Woverloaded-virtual=2' is valid for C++/ObjC++ but not for C
---
--- stderr: action_msgs
CMake Warning at /home/shashwat/drone_flight_control/components/micro_ros_espidf_component/micro_ros_src/install/share/rcutils/cmake/ament_cmake_export_libraries-extras.cmake:116 (message):
  Package 'rcutils' exports library 'dl' which couldn't be found
Call Stack (most recent call first):
  /home/shashwat/drone_flight_control/components/micro_ros_espidf_component/micro_ros_src/install/share/rcutils/cmake/rcutilsConfig.cmake:41 (include)
  /home/shashwat/drone_flight_control/components/micro_ros_espidf_component/micro_ros_src/install/share/rosidl_runtime_c/cmake/ament_cmake_export_dependencies-extras.cmake:21 (find_package)
  /home/shashwat/drone_flight_control/components/micro_ros_espidf_component/micro_ros_src/install/share/rosidl_runtime_c/cmake/rosidl_runtime_cConfig.cmake:41 (include)
  /home/shashwat/drone_flight_control/components/micro_ros_espidf_component/micro_ros_src/install/share/builtin_interfaces/cmake/ament_cmake_export_dependencies-extras.cmake:21 (find_package)
  /home/shashwat/drone_flight_control/components/micro_ros_espidf_component/micro_ros_src/install/share/builtin_interfaces/cmake/builtin_interfacesConfig.cmake:41 (include)
  CMakeLists.txt:15 (find_package)


/home/shashwat/drone_flight_control/components/micro_ros_espidf_component/micro_ros_src/install/lib/python3.10/site-packages/rosidl_cmake/__init__.py:19: UserWarning: The 'rosidl_cmake' Python module is deprecated. Use 'rosidl_pycommon' instead.
  warnings.warn(
---
--- stderr: type_description_interfaces
CMake Warning at /home/shashwat/drone_flight_control/components/micro_ros_espidf_component/micro_ros_src/install/share/rcutils/cmake/ament_cmake_export_libraries-extras.cmake:116 (message):
  Package 'rcutils' exports library 'dl' which couldn't be found
Call Stack (most recent call first):
  /home/shashwat/drone_flight_control/components/micro_ros_espidf_component/micro_ros_src/install/share/rcutils/cmake/rcutilsConfig.cmake:41 (include)
  /home/shashwat/drone_flight_control/components/micro_ros_espidf_component/micro_ros_src/install/share/rosidl_runtime_c/cmake/ament_cmake_export_dependencies-extras.cmake:21 (find_package)
  /home/shashwat/drone_flight_control/components/micro_ros_espidf_component/micro_ros_src/install/share/rosidl_runtime_c/cmake/rosidl_runtime_cConfig.cmake:41 (include)
  /home/shashwat/drone_flight_control/components/micro_ros_espidf_component/micro_ros_src/install/share/rosidl_typesupport_introspection_c/cmake/ament_cmake_export_dependencies-extras.cmake:21 (find_package)
  /home/shashwat/drone_flight_control/components/micro_ros_espidf_component/micro_ros_src/install/share/rosidl_typesupport_introspection_c/cmake/rosidl_typesupport_introspection_cConfig.cmake:41 (include)
  /home/shashwat/drone_flight_control/components/micro_ros_espidf_component/micro_ros_src/install/share/rosidl_typesupport_c/cmake/rosidl_typesupport_c-extras.cmake:13 (find_package)
  /home/shashwat/drone_flight_control/components/micro_ros_espidf_component/micro_ros_src/install/share/rosidl_typesupport_c/cmake/rosidl_typesupport_cConfig.cmake:41 (include)
  /home/shashwat/drone_flight_control/components/micro_ros_espidf_component/micro_ros_src/install/share/rosidl_core_generators/cmake/rosidl_core_generators-extras.cmake:21 (find_package)
  /home/shashwat/drone_flight_control/components/micro_ros_espidf_component/micro_ros_src/install/share/rosidl_core_generators/cmake/rosidl_core_generatorsConfig.cmake:41 (include)
  CMakeLists.txt:16 (find_package)


/home/shashwat/drone_flight_control/components/micro_ros_espidf_component/micro_ros_src/install/lib/python3.10/site-packages/rosidl_cmake/__init__.py:19: UserWarning: The 'rosidl_cmake' Python module is deprecated. Use 'rosidl_pycommon' instead.
  warnings.warn(
---
--- stderr: rcl_interfaces
CMake Warning at /home/shashwat/drone_flight_control/components/micro_ros_espidf_component/micro_ros_src/install/share/rcutils/cmake/ament_cmake_export_libraries-extras.cmake:116 (message):
  Package 'rcutils' exports library 'dl' which couldn't be found
Call Stack (most recent call first):
  /home/shashwat/drone_flight_control/components/micro_ros_espidf_component/micro_ros_src/install/share/rcutils/cmake/rcutilsConfig.cmake:41 (include)
  /home/shashwat/drone_flight_control/components/micro_ros_espidf_component/micro_ros_src/install/share/rosidl_runtime_c/cmake/ament_cmake_export_dependencies-extras.cmake:21 (find_package)
  /home/shashwat/drone_flight_control/components/micro_ros_espidf_component/micro_ros_src/install/share/rosidl_runtime_c/cmake/rosidl_runtime_cConfig.cmake:41 (include)
  /home/shashwat/drone_flight_control/components/micro_ros_espidf_component/micro_ros_src/install/share/rosidl_typesupport_introspection_c/cmake/ament_cmake_export_dependencies-extras.cmake:21 (find_package)
  /home/shashwat/drone_flight_control/components/micro_ros_espidf_component/micro_ros_src/install/share/rosidl_typesupport_introspection_c/cmake/rosidl_typesupport_introspection_cConfig.cmake:41 (include)
  /home/shashwat/drone_flight_control/components/micro_ros_espidf_component/micro_ros_src/install/share/rosidl_typesupport_c/cmake/rosidl_typesupport_c-extras.cmake:13 (find_package)
  /home/shashwat/drone_flight_control/components/micro_ros_espidf_component/micro_ros_src/install/share/rosidl_typesupport_c/cmake/rosidl_typesupport_cConfig.cmake:41 (include)
  /home/shashwat/drone_flight_control/components/micro_ros_espidf_component/micro_ros_src/install/share/rosidl_core_generators/cmake/rosidl_core_generators-extras.cmake:21 (find_package)
  /home/shashwat/drone_flight_control/components/micro_ros_espidf_component/micro_ros_src/install/share/rosidl_core_generators/cmake/rosidl_core_generatorsConfig.cmake:41 (include)
  /home/shashwat/drone_flight_control/components/micro_ros_espidf_component/micro_ros_src/install/share/rosidl_default_generators/cmake/ament_cmake_export_dependencies-extras.cmake:21 (find_package)
  /home/shashwat/drone_flight_control/components/micro_ros_espidf_component/micro_ros_src/install/share/rosidl_default_generators/cmake/rosidl_default_generatorsConfig.cmake:41 (include)
  CMakeLists.txt:15 (find_package)


/home/shashwat/drone_flight_control/components/micro_ros_espidf_component/micro_ros_src/install/lib/python3.10/site-packages/rosidl_cmake/__init__.py:19: UserWarning: The 'rosidl_cmake' Python module is deprecated. Use 'rosidl_pycommon' instead.
  warnings.warn(
---
--- stderr: test_msgs
CMake Warning at /home/shashwat/drone_flight_control/components/micro_ros_espidf_component/micro_ros_src/install/share/rcutils/cmake/ament_cmake_export_libraries-extras.cmake:116 (message):
  Package 'rcutils' exports library 'dl' which couldn't be found
Call Stack (most recent call first):
  /home/shashwat/drone_flight_control/components/micro_ros_espidf_component/micro_ros_src/install/share/rcutils/cmake/rcutilsConfig.cmake:41 (include)
  /home/shashwat/drone_flight_control/components/micro_ros_espidf_component/micro_ros_src/install/share/rosidl_runtime_c/cmake/ament_cmake_export_dependencies-extras.cmake:21 (find_package)
  /home/shashwat/drone_flight_control/components/micro_ros_espidf_component/micro_ros_src/install/share/rosidl_runtime_c/cmake/rosidl_runtime_cConfig.cmake:41 (include)
  /home/shashwat/drone_flight_control/components/micro_ros_espidf_component/micro_ros_src/install/share/builtin_interfaces/cmake/ament_cmake_export_dependencies-extras.cmake:21 (find_package)
  /home/shashwat/drone_flight_control/components/micro_ros_espidf_component/micro_ros_src/install/share/builtin_interfaces/cmake/builtin_interfacesConfig.cmake:41 (include)
  CMakeLists.txt:20 (find_package)


/home/shashwat/drone_flight_control/components/micro_ros_espidf_component/micro_ros_src/install/lib/python3.10/site-packages/rosidl_cmake/__init__.py:19: UserWarning: The 'rosidl_cmake' Python module is deprecated. Use 'rosidl_pycommon' instead.
  warnings.warn(
---
--- stderr: std_msgs
CMake Warning at /home/shashwat/drone_flight_control/components/micro_ros_espidf_component/micro_ros_src/install/share/rcutils/cmake/ament_cmake_export_libraries-extras.cmake:116 (message):
  Package 'rcutils' exports library 'dl' which couldn't be found
Call Stack (most recent call first):
  /home/shashwat/drone_flight_control/components/micro_ros_espidf_component/micro_ros_src/install/share/rcutils/cmake/rcutilsConfig.cmake:41 (include)
  /home/shashwat/drone_flight_control/components/micro_ros_espidf_component/micro_ros_src/install/share/rosidl_runtime_c/cmake/ament_cmake_export_dependencies-extras.cmake:21 (find_package)
  /home/shashwat/drone_flight_control/components/micro_ros_espidf_component/micro_ros_src/install/share/rosidl_runtime_c/cmake/rosidl_runtime_cConfig.cmake:41 (include)
  /home/shashwat/drone_flight_control/components/micro_ros_espidf_component/micro_ros_src/install/share/builtin_interfaces/cmake/ament_cmake_export_dependencies-extras.cmake:21 (find_package)
  /home/shashwat/drone_flight_control/components/micro_ros_espidf_component/micro_ros_src/install/share/builtin_interfaces/cmake/builtin_interfacesConfig.cmake:41 (include)
  CMakeLists.txt:15 (find_package)


/home/shashwat/drone_flight_control/components/micro_ros_espidf_component/micro_ros_src/install/lib/python3.10/site-packages/rosidl_cmake/__init__.py:19: UserWarning: The 'rosidl_cmake' Python module is deprecated. Use 'rosidl_pycommon' instead.
  warnings.warn(
---
--- stderr: example_interfaces
CMake Warning at /home/shashwat/drone_flight_control/components/micro_ros_espidf_component/micro_ros_src/install/share/rcutils/cmake/ament_cmake_export_libraries-extras.cmake:116 (message):
  Package 'rcutils' exports library 'dl' which couldn't be found
Call Stack (most recent call first):
  /home/shashwat/drone_flight_control/components/micro_ros_espidf_component/micro_ros_src/install/share/rcutils/cmake/rcutilsConfig.cmake:41 (include)
  /home/shashwat/drone_flight_control/components/micro_ros_espidf_component/micro_ros_src/install/share/rosidl_runtime_c/cmake/ament_cmake_export_dependencies-extras.cmake:21 (find_package)
  /home/shashwat/drone_flight_control/components/micro_ros_espidf_component/micro_ros_src/install/share/rosidl_runtime_c/cmake/rosidl_runtime_cConfig.cmake:41 (include)
  /home/shashwat/drone_flight_control/components/micro_ros_espidf_component/micro_ros_src/install/share/rosidl_typesupport_introspection_c/cmake/ament_cmake_export_dependencies-extras.cmake:21 (find_package)
  /home/shashwat/drone_flight_control/components/micro_ros_espidf_component/micro_ros_src/install/share/rosidl_typesupport_introspection_c/cmake/rosidl_typesupport_introspection_cConfig.cmake:41 (include)
  /home/shashwat/drone_flight_control/components/micro_ros_espidf_component/micro_ros_src/install/share/rosidl_typesupport_c/cmake/rosidl_typesupport_c-extras.cmake:13 (find_package)
  /home/shashwat/drone_flight_control/components/micro_ros_espidf_component/micro_ros_src/install/share/rosidl_typesupport_c/cmake/rosidl_typesupport_cConfig.cmake:41 (include)
  /home/shashwat/drone_flight_control/components/micro_ros_espidf_component/micro_ros_src/install/share/rosidl_core_generators/cmake/rosidl_core_generators-extras.cmake:21 (find_package)
  /home/shashwat/drone_flight_control/components/micro_ros_espidf_component/micro_ros_src/install/share/rosidl_core_generators/cmake/rosidl_core_generatorsConfig.cmake:41 (include)
  /home/shashwat/drone_flight_control/components/micro_ros_espidf_component/micro_ros_src/install/share/rosidl_default_generators/cmake/ament_cmake_export_dependencies-extras.cmake:21 (find_package)
  /home/shashwat/drone_flight_control/components/micro_ros_espidf_component/micro_ros_src/install/share/rosidl_default_generators/cmake/rosidl_default_generatorsConfig.cmake:41 (include)
  CMakeLists.txt:14 (find_package)


/home/shashwat/drone_flight_control/components/micro_ros_espidf_component/micro_ros_src/install/lib/python3.10/site-packages/rosidl_cmake/__init__.py:19: UserWarning: The 'rosidl_cmake' Python module is deprecated. Use 'rosidl_pycommon' instead.
  warnings.warn(
---
--- stderr: rcl
CMake Warning at /home/shashwat/drone_flight_control/components/micro_ros_espidf_component/micro_ros_src/install/share/rcutils/cmake/ament_cmake_export_libraries-extras.cmake:116 (message):
  Package 'rcutils' exports library 'dl' which couldn't be found
Call Stack (most recent call first):
  /home/shashwat/drone_flight_control/components/micro_ros_espidf_component/micro_ros_src/install/share/rcutils/cmake/rcutilsConfig.cmake:41 (include)
  /home/shashwat/drone_flight_control/components/micro_ros_espidf_component/micro_ros_src/install/share/rosidl_runtime_c/cmake/ament_cmake_export_dependencies-extras.cmake:21 (find_package)
  /home/shashwat/drone_flight_control/components/micro_ros_espidf_component/micro_ros_src/install/share/rosidl_runtime_c/cmake/rosidl_runtime_cConfig.cmake:41 (include)
  /home/shashwat/drone_flight_control/components/micro_ros_espidf_component/micro_ros_src/install/share/builtin_interfaces/cmake/ament_cmake_export_dependencies-extras.cmake:21 (find_package)
  /home/shashwat/drone_flight_control/components/micro_ros_espidf_component/micro_ros_src/install/share/builtin_interfaces/cmake/builtin_interfacesConfig.cmake:41 (include)
  /home/shashwat/drone_flight_control/components/micro_ros_espidf_component/micro_ros_src/install/share/rcl_interfaces/cmake/ament_cmake_export_dependencies-extras.cmake:21 (find_package)
  /home/shashwat/drone_flight_control/components/micro_ros_espidf_component/micro_ros_src/install/share/rcl_interfaces/cmake/rcl_interfacesConfig.cmake:41 (include)
  CMakeLists.txt:9 (find_package)


CMake Error at CMakeLists.txt:13 (find_package):
  By not providing "Findrmw_implementation.cmake" in CMAKE_MODULE_PATH this
  project has asked CMake to find a package configuration file provided by
  "rmw_implementation", but CMake did not find one.

  Could not find a package configuration file provided by
  "rmw_implementation" with any of the following names:

    rmw_implementationConfig.cmake
    rmw_implementation-config.cmake

  Add the installation prefix of "rmw_implementation" to CMAKE_PREFIX_PATH or
  set "rmw_implementation_DIR" to a directory containing one of the above
  files.  If "rmw_implementation" provides a separate development package or
  SDK, be sure it has been installed.


---
Failed   <<< rcl [0.92s, exited with code 1]
make: *** [libmicroros.mk:90: /home/shashwat/drone_flight_control/components/micro_ros_espidf_component/micro_ros_src/install] Error 1
CMake Error at components/micro_ros_espidf_component/CMakeLists.txt:77 (message):
  FAILED: 2


ninja: error: rebuilding 'build.ninja': subcommand failed
